<?xml version="1.0" encoding="UTF-8" standalone="no"?><testsuite errors="1" failures="0" name="New user can Create account and Registered" skipped="0" tests="4" time="62.73" timestamp="2023-05-09 08:18:26"><testcase name="As a new user, I have be able to create new account"><error message="Expected condition failed: waiting for element to be clickable: By.xpath: &#9;&#10;//android.widget.Button[@content-desc=&quot;Register&quot;] (tried for 15 second(s) with 500 milliseconds interval)&#10;Build info: version: '4.8.1', revision: '8ebccac989'&#10;System info: os.name: 'Mac OS X', os.arch: 'x86_64', os.version: '13.1', java.version: '1.8.0_372'&#10;Driver info: io.appium.java_client.android.AndroidDriver&#10;Capabilities {appium:app: /Users/masgilang/Downloads/..., appium:appPackage: com.example.frontend_mobile, appium:autoGrantPermissions: true, appium:automationName: UiAutomator2, appium:databaseEnabled: false, appium:desired: {app: /Users/masgilang/Downloads/..., autoGrantPermissions: true, automationName: UiAutomator2, deviceName: AltaMobile, platformName: ANDROID, platformVersion: 10}, appium:deviceApiLevel: 29, appium:deviceManufacturer: Google, appium:deviceModel: Android SDK built for arm64, appium:deviceName: emulator-5554, appium:deviceScreenDensity: 440, appium:deviceScreenSize: 1080x2280, appium:deviceUDID: emulator-5554, appium:javascriptEnabled: true, appium:locationContextEnabled: false, appium:networkConnectionEnabled: true, appium:pixelRatio: 2.75, appium:platformVersion: 10, appium:statBarHeight: 66, appium:takesScreenshot: true, appium:viewportRect: {height: 2082, left: 0, top: 66, width: 1080}, appium:warnings: {}, appium:webStorageEnabled: false, platformName: ANDROID}&#10;Session ID: 8161e0fe-8b17-44e5-9602-0efa8c4ebc8b" type="org.openqa.selenium.TimeoutException">Expected condition failed: waiting for element to be clickable: By.xpath: 	
//android.widget.Button[@content-desc="Register"] (tried for 15 second(s) with 500 milliseconds interval)
Build info: version: '4.8.1', revision: '8ebccac989'
System info: os.name: 'Mac OS X', os.arch: 'x86_64', os.version: '13.1', java.version: '1.8.0_372'
Driver info: io.appium.java_client.android.AndroidDriver
Capabilities {appium:app: /Users/masgilang/Downloads/..., appium:appPackage: com.example.frontend_mobile, appium:autoGrantPermissions: true, appium:automationName: UiAutomator2, appium:databaseEnabled: false, appium:desired: {app: /Users/masgilang/Downloads/..., autoGrantPermissions: true, automationName: UiAutomator2, deviceName: AltaMobile, platformName: ANDROID, platformVersion: 10}, appium:deviceApiLevel: 29, appium:deviceManufacturer: Google, appium:deviceModel: Android SDK built for arm64, appium:deviceName: emulator-5554, appium:deviceScreenDensity: 440, appium:deviceScreenSize: 1080x2280, appium:deviceUDID: emulator-5554, appium:javascriptEnabled: true, appium:locationContextEnabled: false, appium:networkConnectionEnabled: true, appium:pixelRatio: 2.75, appium:platformVersion: 10, appium:statBarHeight: 66, appium:takesScreenshot: true, appium:viewportRect: {height: 2082, left: 0, top: 66, width: 1080}, appium:warnings: {}, appium:webStorageEnabled: false, platformName: ANDROID}
Session ID: 8161e0fe-8b17-44e5-9602-0efa8c4ebc8b</error><system-err>Expected condition failed: waiting for element to be clickable: By.xpath: 	
//android.widget.Button[@content-desc="Register"] (tried for 15 second(s) with 500 milliseconds interval)
Build info: version: '4.8.1', revision: '8ebccac989'
System info: os.name: 'Mac OS X', os.arch: 'x86_64', os.version: '13.1', java.version: '1.8.0_372'
Driver info: io.appium.java_client.android.AndroidDriver
Capabilities {appium:app: /Users/masgilang/Downloads/..., appium:appPackage: com.example.frontend_mobile, appium:autoGrantPermissions: true, appium:automationName: UiAutomator2, appium:databaseEnabled: false, appium:desired: {app: /Users/masgilang/Downloads/..., autoGrantPermissions: true, automationName: UiAutomator2, deviceName: AltaMobile, platformName: ANDROID, platformVersion: 10}, appium:deviceApiLevel: 29, appium:deviceManufacturer: Google, appium:deviceModel: Android SDK built for arm64, appium:deviceName: emulator-5554, appium:deviceScreenDensity: 440, appium:deviceScreenSize: 1080x2280, appium:deviceUDID: emulator-5554, appium:javascriptEnabled: true, appium:locationContextEnabled: false, appium:networkConnectionEnabled: true, appium:pixelRatio: 2.75, appium:platformVersion: 10, appium:statBarHeight: 66, appium:takesScreenshot: true, appium:viewportRect: {height: 2082, left: 0, top: 66, width: 1080}, appium:warnings: {}, appium:webStorageEnabled: false, platformName: ANDROID}
Session ID: 8161e0fe-8b17-44e5-9602-0efa8c4ebc8b
test.automation.pageobject.BasePageObject.waitUntilClickable(BasePageObject.java:30)
test.automation.pageobject.BasePageObject.onClick(BasePageObject.java:42)
starter.screen.RegisterScreen.clickRegisterLink(RegisterScreen.java:46)
starter.stepdefinitions.RegisterSteps.userClickRegisterLink(RegisterSteps.java:22)
io.cucumber.java.Invoker.doInvoke(Invoker.java:66)
io.cucumber.java.Invoker.invoke(Invoker.java:24)
io.cucumber.java.AbstractGlueDefinition.invokeMethod(AbstractGlueDefinition.java:47)
io.cucumber.java.JavaStepDefinition.execute(JavaStepDefinition.java:29)
io.cucumber.core.runner.CoreStepDefinition.execute(CoreStepDefinition.java:66)
io.cucumber.core.runner.PickleStepDefinitionMatch.runStep(PickleStepDefinitionMatch.java:63)
io.cucumber.core.runner.TestStep.executeStep(TestStep.java:84)
io.cucumber.core.runner.TestStep.run(TestStep.java:56)
io.cucumber.core.runner.PickleStepTestStep.run(PickleStepTestStep.java:51)
io.cucumber.core.runner.TestCase.run(TestCase.java:84)
io.cucumber.core.runner.Runner.runPickle(Runner.java:75)
io.cucumber.core.runtime.CucumberExecutionContext.lambda$runTestCase$5(CucumberExecutionContext.java:130)
io.cucumber.core.runtime.RethrowingThrowableCollector.executeAndThrow(RethrowingThrowableCollector.java:23)
io.cucumber.core.runtime.CucumberExecutionContext.runTestCase(CucumberExecutionContext.java:130)
io.cucumber.junit.FeatureRunner.runChild(FeatureRunner.java:144)
io.cucumber.junit.FeatureRunner.runChild(FeatureRunner.java:28)
io.cucumber.junit.FeatureRunner.run(FeatureRunner.java:137)
io.cucumber.junit.CucumberSerenityBaseRunner.runChild(CucumberSerenityBaseRunner.java:330)
io.cucumber.junit.CucumberSerenityBaseRunner.runChild(CucumberSerenityBaseRunner.java:51)
</system-err></testcase><testcase name="As a new user, I have be able to create new account without username"/><testcase name="As a new user, I have be able to create new account without email"/><testcase name="As a new user, I have be able to create new account without password"/></testsuite>