<?xml version="1.0" encoding="UTF-8"?>
<testsuite xmlns:xsi="http://www.w3.org/2001/XMLSchema-instance" xsi:noNamespaceSchemaLocation="https://maven.apache.org/surefire/maven-failsafe-plugin/xsd/failsafe-test-report-3.0.xsd" version="3.0" name="starter.CucumberTestSuite" time="157.83" tests="70" errors="6" skipped="9" failures="0">
  <properties>
[...]
</properties>
  <testcase name="user on home page" classname="As a user i can login" time="7.397">
    <system-out><![CDATA[20:16:54.628 [main] DEBUG net.thucydides.core.guice.Injectors - Created injector for module net.thucydides.core.guice.ThucydidesModule
20:16:55.513 [main] DEBUG io.cucumber.core.plugin.SerenityReporter - Running feature from file:///Users/masgilang/Downloads/test-automation-MinProMobile/src/test/resources/features/Login.feature
20:16:57.250 [main] DEBUG net.thucydides.core.guice.Injectors - Created injector for module net.thucydides.core.guice.webdriver.WebDriverModule
20:16:57.402 [main] INFO  - 

-------------------------------------------------------------------------------------
     _______. _______ .______       _______ .__   __.  __  .___________.____    ____ 
    /       ||   ____||   _  \     |   ____||  \ |  | |  | |           |\   \  /   / 
   |   (----`|  |__   |  |_)  |    |  |__   |   \|  | |  | `---|  |----` \   \/   /  
    \   \    |   __|  |      /     |   __|  |  . `  | |  |     |  |       \_    _/   
.----)   |   |  |____ |  |\  \----.|  |____ |  |\   | |  |     |  |         |  |     
|_______/    |_______|| _| `._____||_______||__| \__| |__|     |__|         |__|    
                                                                                     
 News and tutorials at http://www.serenity-bdd.info                                  
 Documentation at https://wakaleo.gitbooks.io/the-serenity-book/content/             
 Join the Serenity Community on Gitter: https://gitter.im/serenity-bdd/serenity-core 
 Serenity BDD Support and Training at http://serenity-bdd.info/#/trainingandsupport  
-------------------------------------------------------------------------------------

20:16:57.424 [main] DEBUG net.thucydides.core.steps.StepEventBus - Test suite started for story net.thucydides.core.model.Story@a077a8ae
20:16:57.430 [main] INFO  - Test Suite Started: As a user i have be able to login so that i can see home screen
20:16:57.550 [main] DEBUG io.cucumber.core.plugin.SerenityReporter - Running feature from file:///Users/masgilang/Downloads/test-automation-MinProMobile/src/test/resources/features/Product.feature
20:16:57.591 [main] DEBUG net.thucydides.core.steps.StepEventBus - Test suite started for story net.thucydides.core.model.Story@75782834
20:16:57.592 [main] INFO  - Test Suite Started: As a user i have be able to login so that i can see home screen
20:16:57.593 [main] DEBUG io.cucumber.core.plugin.SerenityReporter - Running feature from file:///Users/masgilang/Downloads/test-automation-MinProMobile/src/test/resources/features/Register.feature
20:16:57.602 [main] DEBUG net.thucydides.core.steps.StepEventBus - Test suite started for story net.thucydides.core.model.Story@e0bb2fd4
20:16:57.603 [main] INFO  - Test Suite Started: New user can Create account and Registered
20:16:57.604 [main] DEBUG io.cucumber.core.plugin.SerenityReporter - Running feature from file:///Users/masgilang/Downloads/test-automation-MinProMobile/src/test/resources/features/Login.feature
20:16:57.614 [main] DEBUG net.thucydides.core.steps.StepEventBus - Test suite started for story net.thucydides.core.model.Story@a077a8ae
20:16:57.615 [main] INFO  - Test Suite Started: As a user i have be able to login so that i can see home screen
20:16:57.845 [main] DEBUG io.cucumber.core.plugin.SerenityReporter - Running feature from file:///Users/masgilang/Downloads/test-automation-MinProMobile/src/test/resources/features/Login.feature
20:16:58.066 [main] INFO  - 
  _____   ___   ___   _____     ___   _____     _     ___   _____   ___   ___  
 |_   _| | __| / __| |_   _|   / __| |_   _|   /_\   | _ \ |_   _| | __| |   \ 
   | |   | _|  \__ \   | |     \__ \   | |    / _ \  |   /   | |   | _|  | |) |
   |_|   |___| |___/   |_|     |___/   |_|   /_/ \_\ |_|_\   |_|   |___| |___/ 

As a user i can login(as-a-user-i-have-be-able-to-login-so-that-i-can-see-home-screen;as-a-user-i-can-login)
--------------------------------------------------------------------------------
20:16:58.166 [main] DEBUG net.thucydides.core.requirements.model.cucumber.CucumberParser - Loading feature /Users/masgilang/Downloads/test-automation-MinProMobile/src/test/resources/features/Login.feature
20:16:58.195 [main] DEBUG net.thucydides.core.requirements.model.cucumber.CucumberParser - Loading feature /Users/masgilang/Downloads/test-automation-MinProMobile/src/test/resources/features/Register.feature
20:16:58.214 [main] DEBUG net.thucydides.core.requirements.model.cucumber.CucumberParser - Loading feature /Users/masgilang/Downloads/test-automation-MinProMobile/src/test/resources/features/Product.feature
20:16:58.811 [main] DEBUG net.thucydides.core.steps.StepInterceptor - STARTING STEP: LoginSteps.userOnHomePage - onHomePage
20:16:58.928 [main] DEBUG io.netty.util.internal.logging.InternalLoggerFactory - Using SLF4J as the default logging framework
20:16:58.934 [main] DEBUG io.netty.util.ResourceLeakDetector - -Dio.netty.leakDetection.level: simple
20:16:58.935 [main] DEBUG io.netty.util.ResourceLeakDetector - -Dio.netty.leakDetection.targetRecords: 4
20:16:58.939 [main] DEBUG io.netty.util.ResourceLeakDetectorFactory - Loaded default ResourceLeakDetector: io.netty.util.ResourceLeakDetector@61d34b4
20:16:58.960 [main] DEBUG io.netty.util.internal.PlatformDependent0 - -Dio.netty.noUnsafe: false
20:16:58.961 [main] DEBUG io.netty.util.internal.PlatformDependent0 - Java version: 8
20:16:58.962 [main] DEBUG io.netty.util.internal.PlatformDependent0 - sun.misc.Unsafe.theUnsafe: available
20:16:58.963 [main] DEBUG io.netty.util.internal.PlatformDependent0 - sun.misc.Unsafe.copyMemory: available
20:16:58.964 [main] DEBUG io.netty.util.internal.PlatformDependent0 - sun.misc.Unsafe.storeFence: available
20:16:58.965 [main] DEBUG io.netty.util.internal.PlatformDependent0 - java.nio.Buffer.address: available
20:16:58.966 [main] DEBUG io.netty.util.internal.PlatformDependent0 - direct buffer constructor: available
20:16:58.967 [main] DEBUG io.netty.util.internal.PlatformDependent0 - java.nio.Bits.unaligned: available, true
20:16:58.967 [main] DEBUG io.netty.util.internal.PlatformDependent0 - jdk.internal.misc.Unsafe.allocateUninitializedArray(int): unavailable prior to Java9
20:16:58.968 [main] DEBUG io.netty.util.internal.PlatformDependent0 - java.nio.DirectByteBuffer.<init>(long, int): available
20:16:58.968 [main] DEBUG io.netty.util.internal.PlatformDependent - sun.misc.Unsafe: available
20:16:58.968 [main] DEBUG io.netty.util.internal.PlatformDependent - -Dio.netty.tmpdir: /var/folders/d_/lr8j0c_90pd7y80q43_0jvwc0000gn/T (java.io.tmpdir)
20:16:58.969 [main] DEBUG io.netty.util.internal.PlatformDependent - -Dio.netty.bitMode: 64 (sun.arch.data.model)
20:16:58.969 [main] DEBUG io.netty.util.internal.PlatformDependent - Platform: MacOS
20:16:58.972 [main] DEBUG io.netty.util.internal.PlatformDependent - -Dio.netty.maxDirectMemory: 1908932608 bytes
20:16:58.972 [main] DEBUG io.netty.util.internal.PlatformDependent - -Dio.netty.uninitializedArrayAllocationThreshold: -1
20:16:58.973 [main] DEBUG io.netty.util.internal.CleanerJava6 - java.nio.ByteBuffer.cleaner(): available
20:16:58.973 [main] DEBUG io.netty.util.internal.PlatformDependent - -Dio.netty.noPreferDirect: false
20:16:58.982 [main] DEBUG io.netty.util.internal.PlatformDependent - org.jctools-core.MpscChunkedArrayQueue: available
20:16:59.013 [main] DEBUG io.netty.util.internal.InternalThreadLocalMap - -Dio.netty.threadLocalMap.stringBuilder.initialSize: 1024
20:16:59.014 [main] DEBUG io.netty.util.internal.InternalThreadLocalMap - -Dio.netty.threadLocalMap.stringBuilder.maxSize: 4096
20:16:59.220 [main] DEBUG io.netty.handler.ssl.JdkSslContext - Default protocols (JDK): [TLSv1.3, TLSv1.2, TLSv1.1, TLSv1] 
20:16:59.221 [main] DEBUG io.netty.handler.ssl.JdkSslContext - Default cipher suites (JDK): [TLS_ECDHE_ECDSA_WITH_AES_256_GCM_SHA384, TLS_ECDHE_ECDSA_WITH_AES_128_GCM_SHA256, TLS_ECDHE_RSA_WITH_AES_128_GCM_SHA256, TLS_ECDHE_RSA_WITH_AES_256_GCM_SHA384, TLS_ECDHE_RSA_WITH_AES_128_CBC_SHA, TLS_ECDHE_RSA_WITH_AES_256_CBC_SHA, TLS_RSA_WITH_AES_128_GCM_SHA256, TLS_RSA_WITH_AES_128_CBC_SHA, TLS_RSA_WITH_AES_256_CBC_SHA, TLS_AES_128_GCM_SHA256, TLS_AES_256_GCM_SHA384]
20:16:59.235 [main] DEBUG io.netty.util.concurrent.GlobalEventExecutor - -Dio.netty.globalEventExecutor.quietPeriodSeconds: 1
20:16:59.248 [main] DEBUG io.netty.channel.MultithreadEventLoopGroup - -Dio.netty.eventLoopThreads: 16
20:16:59.256 [main] DEBUG io.netty.channel.nio.NioEventLoop - -Dio.netty.noKeySetOptimization: false
20:16:59.256 [main] DEBUG io.netty.channel.nio.NioEventLoop - -Dio.netty.selectorAutoRebuildThreshold: 512
20:16:59.279 [main] DEBUG io.netty.buffer.PooledByteBufAllocator - -Dio.netty.allocator.numHeapArenas: 16
20:16:59.279 [main] DEBUG io.netty.buffer.PooledByteBufAllocator - -Dio.netty.allocator.numDirectArenas: 16
20:16:59.279 [main] DEBUG io.netty.buffer.PooledByteBufAllocator - -Dio.netty.allocator.pageSize: 8192
20:16:59.279 [main] DEBUG io.netty.buffer.PooledByteBufAllocator - -Dio.netty.allocator.maxOrder: 9
20:16:59.279 [main] DEBUG io.netty.buffer.PooledByteBufAllocator - -Dio.netty.allocator.chunkSize: 4194304
20:16:59.280 [main] DEBUG io.netty.buffer.PooledByteBufAllocator - -Dio.netty.allocator.smallCacheSize: 256
20:16:59.280 [main] DEBUG io.netty.buffer.PooledByteBufAllocator - -Dio.netty.allocator.normalCacheSize: 64
20:16:59.280 [main] DEBUG io.netty.buffer.PooledByteBufAllocator - -Dio.netty.allocator.maxCachedBufferCapacity: 32768
20:16:59.280 [main] DEBUG io.netty.buffer.PooledByteBufAllocator - -Dio.netty.allocator.cacheTrimInterval: 8192
20:16:59.280 [main] DEBUG io.netty.buffer.PooledByteBufAllocator - -Dio.netty.allocator.cacheTrimIntervalMillis: 0
20:16:59.280 [main] DEBUG io.netty.buffer.PooledByteBufAllocator - -Dio.netty.allocator.useCacheForAllThreads: false
20:16:59.280 [main] DEBUG io.netty.buffer.PooledByteBufAllocator - -Dio.netty.allocator.maxCachedByteBuffersPerChunk: 1023
20:16:59.288 [main] DEBUG io.netty.buffer.ByteBufUtil - -Dio.netty.allocator.type: pooled
20:16:59.288 [main] DEBUG io.netty.buffer.ByteBufUtil - -Dio.netty.threadLocalDirectBufferSize: 0
20:16:59.288 [main] DEBUG io.netty.buffer.ByteBufUtil - -Dio.netty.maxThreadLocalCharBufferSize: 16384
20:16:59.604 [Forwarding newSession on session null to remote] DEBUG io.netty.channel.DefaultChannelId - -Dio.netty.processId: 71461 (auto-detected)
20:16:59.607 [Forwarding newSession on session null to remote] DEBUG io.netty.util.NetUtil - -Djava.net.preferIPv4Stack: false
20:16:59.608 [Forwarding newSession on session null to remote] DEBUG io.netty.util.NetUtil - -Djava.net.preferIPv6Addresses: false
20:16:59.613 [Forwarding newSession on session null to remote] DEBUG io.netty.util.NetUtilInitializations - Loopback interface: lo0 (lo0, 0:0:0:0:0:0:0:1%lo0)
20:16:59.613 [Forwarding newSession on session null to remote] DEBUG io.netty.util.NetUtil - Failed to get SOMAXCONN from sysctl and file /proc/sys/net/core/somaxconn. Default: 128
20:16:59.618 [Forwarding newSession on session null to remote] DEBUG io.netty.channel.DefaultChannelId - -Dio.netty.machineId: 3c:06:30:ff:fe:47:8f:a2 (auto-detected)
20:16:59.701 [AsyncHttpClient-1-2] DEBUG io.netty.buffer.AbstractByteBuf - -Dio.netty.buffer.checkAccessible: true
20:16:59.702 [AsyncHttpClient-1-2] DEBUG io.netty.buffer.AbstractByteBuf - -Dio.netty.buffer.checkBounds: true
20:16:59.702 [AsyncHttpClient-1-2] DEBUG io.netty.util.ResourceLeakDetectorFactory - Loaded default ResourceLeakDetector: io.netty.util.ResourceLeakDetector@4ac05d55
20:16:59.729 [AsyncHttpClient-1-2] DEBUG org.asynchttpclient.netty.channel.NettyConnectListener - Using new Channel '[id: 0xd6ee6950, L:/127.0.0.1:56984 - R:/127.0.0.1:4723]' for 'POST' to '/wd/hub/session'
20:16:59.762 [AsyncHttpClient-1-2] DEBUG io.netty.util.Recycler - -Dio.netty.recycler.maxCapacityPerThread: 4096
20:16:59.763 [AsyncHttpClient-1-2] DEBUG io.netty.util.Recycler - -Dio.netty.recycler.ratio: 8
20:16:59.763 [AsyncHttpClient-1-2] DEBUG io.netty.util.Recycler - -Dio.netty.recycler.chunkSize: 32
20:16:59.763 [AsyncHttpClient-1-2] DEBUG io.netty.util.Recycler - -Dio.netty.recycler.blocking: false
20:16:59.763 [AsyncHttpClient-1-2] DEBUG io.netty.util.Recycler - -Dio.netty.recycler.batchFastThreadLocalOnly: true
20:17:05.027 [AsyncHttpClient-1-2] DEBUG io.netty.handler.codec.compression.Brotli - brotli4j not in the classpath; Brotli support will be unavailable.
20:17:05.029 [AsyncHttpClient-1-2] DEBUG org.asynchttpclient.netty.handler.HttpHandler - 

Request DefaultHttpRequest(decodeResult: success, version: HTTP/1.1)
POST /wd/hub/session HTTP/1.1
X-Idempotency-Key: 38d1926b-d396-4de3-8980-cc86378867af
User-Agent: appium/8.3.0 (selenium/4.8.1 (java mac))
Content-Length: 423
Content-Type: application/json; charset=utf-8
host: 127.0.0.1:4723
accept: */*

Response DefaultHttpResponse(decodeResult: success, version: HTTP/1.1)
HTTP/1.1 200 OK
X-Powered-By: Express
Vary: X-HTTP-Method-Override
Content-Type: application/json; charset=utf-8
Content-Length: 1038
ETag: W/"40e-wkJqCPolzSZMq7cBe4e2bpwf0lM"
Date: Tue, 09 May 2023 13:17:04 GMT
Connection: keep-alive
Keep-Alive: timeout=600

20:17:05.058 [AsyncHttpClient-1-2] DEBUG org.asynchttpclient.netty.channel.ChannelManager - Adding key: http://127.0.0.1:4723 for channel [id: 0xd6ee6950, L:/127.0.0.1:56984 - R:/127.0.0.1:4723]
20:17:05.201 [Forwarding setTimeout on session 84f4caf2-9b4b-47c3-8dab-c2faf9018f13 to remote] DEBUG org.asynchttpclient.netty.request.NettyRequestSender - Using pooled Channel '[id: 0xd6ee6950, L:/127.0.0.1:56984 - R:/127.0.0.1:4723]' for 'POST' to 'http://127.0.0.1:4723/wd/hub/session/84f4caf2-9b4b-47c3-8dab-c2faf9018f13/timeouts'
20:17:05.202 [Forwarding setTimeout on session 84f4caf2-9b4b-47c3-8dab-c2faf9018f13 to remote] DEBUG org.asynchttpclient.netty.request.NettyRequestSender - Using open Channel [id: 0xd6ee6950, L:/127.0.0.1:56984 - R:/127.0.0.1:4723] for POST '/wd/hub/session/84f4caf2-9b4b-47c3-8dab-c2faf9018f13/timeouts'
20:17:05.211 [AsyncHttpClient-1-2] DEBUG org.asynchttpclient.netty.handler.HttpHandler - 

Request DefaultHttpRequest(decodeResult: success, version: HTTP/1.1)
POST /wd/hub/session/84f4caf2-9b4b-47c3-8dab-c2faf9018f13/timeouts HTTP/1.1
User-Agent: appium/8.3.0 (selenium/4.8.1 (java mac))
Content-Length: 23
Content-Type: application/json; charset=utf-8
host: 127.0.0.1:4723
accept: */*

Response DefaultHttpResponse(decodeResult: success, version: HTTP/1.1)
HTTP/1.1 200 OK
X-Powered-By: Express
Vary: X-HTTP-Method-Override
Content-Type: application/json; charset=utf-8
Content-Length: 14
ETag: W/"e-9/1BuKMgFObM1mWJm+YjxtXJnUM"
Date: Tue, 09 May 2023 13:17:05 GMT
Connection: keep-alive
Keep-Alive: timeout=600

20:17:05.213 [AsyncHttpClient-1-2] DEBUG org.asynchttpclient.netty.channel.ChannelManager - Adding key: http://127.0.0.1:4723 for channel [id: 0xd6ee6950, L:/127.0.0.1:56984 - R:/127.0.0.1:4723]
20:17:05.244 [Forwarding findElement on session 84f4caf2-9b4b-47c3-8dab-c2faf9018f13 to remote] DEBUG org.asynchttpclient.netty.request.NettyRequestSender - Using pooled Channel '[id: 0xd6ee6950, L:/127.0.0.1:56984 - R:/127.0.0.1:4723]' for 'POST' to 'http://127.0.0.1:4723/wd/hub/session/84f4caf2-9b4b-47c3-8dab-c2faf9018f13/element'
20:17:05.245 [Forwarding findElement on session 84f4caf2-9b4b-47c3-8dab-c2faf9018f13 to remote] DEBUG org.asynchttpclient.netty.request.NettyRequestSender - Using open Channel [id: 0xd6ee6950, L:/127.0.0.1:56984 - R:/127.0.0.1:4723] for POST '/wd/hub/session/84f4caf2-9b4b-47c3-8dab-c2faf9018f13/element'
20:17:05.554 [AsyncHttpClient-1-2] DEBUG org.asynchttpclient.netty.handler.HttpHandler - 

Request DefaultHttpRequest(decodeResult: success, version: HTTP/1.1)
POST /wd/hub/session/84f4caf2-9b4b-47c3-8dab-c2faf9018f13/element HTTP/1.1
User-Agent: appium/8.3.0 (selenium/4.8.1 (java mac))
Content-Length: 330
Content-Type: application/json; charset=utf-8
host: 127.0.0.1:4723
accept: */*

Response DefaultHttpResponse(decodeResult: success, version: HTTP/1.1)
HTTP/1.1 200 OK
X-Powered-By: Express
Vary: X-HTTP-Method-Override
Content-Type: application/json; charset=utf-8
Content-Length: 137
ETag: W/"89-j9UCPJgxjiALSvGjetCbkidr8wE"
Date: Tue, 09 May 2023 13:17:05 GMT
Connection: keep-alive
Keep-Alive: timeout=600

20:17:05.559 [AsyncHttpClient-1-2] DEBUG org.asynchttpclient.netty.channel.ChannelManager - Adding key: http://127.0.0.1:4723 for channel [id: 0xd6ee6950, L:/127.0.0.1:56984 - R:/127.0.0.1:4723]
20:17:05.585 [Forwarding isElementDisplayed on session 84f4caf2-9b4b-47c3-8dab-c2faf9018f13 to remote] DEBUG org.asynchttpclient.netty.request.NettyRequestSender - Using pooled Channel '[id: 0xd6ee6950, L:/127.0.0.1:56984 - R:/127.0.0.1:4723]' for 'GET' to 'http://127.0.0.1:4723/wd/hub/session/84f4caf2-9b4b-47c3-8dab-c2faf9018f13/element/00000000-0000-0230-0000-000700000003/displayed'
20:17:05.586 [Forwarding isElementDisplayed on session 84f4caf2-9b4b-47c3-8dab-c2faf9018f13 to remote] DEBUG org.asynchttpclient.netty.request.NettyRequestSender - Using open Channel [id: 0xd6ee6950, L:/127.0.0.1:56984 - R:/127.0.0.1:4723] for GET '/wd/hub/session/84f4caf2-9b4b-47c3-8dab-c2faf9018f13/element/00000000-0000-0230-0000-000700000003/displayed'
20:17:05.606 [AsyncHttpClient-1-2] DEBUG org.asynchttpclient.netty.handler.HttpHandler - 

Request DefaultFullHttpRequest(decodeResult: success, version: HTTP/1.1, content: EmptyByteBufBE)
GET /wd/hub/session/84f4caf2-9b4b-47c3-8dab-c2faf9018f13/element/00000000-0000-0230-0000-000700000003/displayed HTTP/1.1
User-Agent: appium/8.3.0 (selenium/4.8.1 (java mac))
Cache-Control: no-cache
Content-Type: application/json; charset=utf-8
host: 127.0.0.1:4723
accept: */*

Response DefaultHttpResponse(decodeResult: success, version: HTTP/1.1)
HTTP/1.1 200 OK
X-Powered-By: Express
Content-Type: application/json; charset=utf-8
Content-Length: 14
ETag: W/"e-2ZHvAWebNQpyjGZTg6uyV8/spTo"
Date: Tue, 09 May 2023 13:17:05 GMT
Connection: keep-alive
Keep-Alive: timeout=600

20:17:05.606 [AsyncHttpClient-1-2] DEBUG org.asynchttpclient.netty.channel.ChannelManager - Adding key: http://127.0.0.1:4723 for channel [id: 0xd6ee6950, L:/127.0.0.1:56984 - R:/127.0.0.1:4723]
20:17:05.611 [Forwarding isElementDisplayed on session 84f4caf2-9b4b-47c3-8dab-c2faf9018f13 to remote] DEBUG org.asynchttpclient.netty.request.NettyRequestSender - Using pooled Channel '[id: 0xd6ee6950, L:/127.0.0.1:56984 - R:/127.0.0.1:4723]' for 'GET' to 'http://127.0.0.1:4723/wd/hub/session/84f4caf2-9b4b-47c3-8dab-c2faf9018f13/element/00000000-0000-0230-0000-000700000003/displayed'
20:17:05.611 [Forwarding isElementDisplayed on session 84f4caf2-9b4b-47c3-8dab-c2faf9018f13 to remote] DEBUG org.asynchttpclient.netty.request.NettyRequestSender - Using open Channel [id: 0xd6ee6950, L:/127.0.0.1:56984 - R:/127.0.0.1:4723] for GET '/wd/hub/session/84f4caf2-9b4b-47c3-8dab-c2faf9018f13/element/00000000-0000-0230-0000-000700000003/displayed'
20:17:05.620 [AsyncHttpClient-1-2] DEBUG org.asynchttpclient.netty.handler.HttpHandler - 

Request DefaultFullHttpRequest(decodeResult: success, version: HTTP/1.1, content: EmptyByteBufBE)
GET /wd/hub/session/84f4caf2-9b4b-47c3-8dab-c2faf9018f13/element/00000000-0000-0230-0000-000700000003/displayed HTTP/1.1
User-Agent: appium/8.3.0 (selenium/4.8.1 (java mac))
Cache-Control: no-cache
Content-Type: application/json; charset=utf-8
host: 127.0.0.1:4723
accept: */*

Response DefaultHttpResponse(decodeResult: success, version: HTTP/1.1)
HTTP/1.1 200 OK
X-Powered-By: Express
Content-Type: application/json; charset=utf-8
Content-Length: 14
ETag: W/"e-2ZHvAWebNQpyjGZTg6uyV8/spTo"
Date: Tue, 09 May 2023 13:17:05 GMT
Connection: keep-alive
Keep-Alive: timeout=600

20:17:05.622 [AsyncHttpClient-1-2] DEBUG org.asynchttpclient.netty.channel.ChannelManager - Adding key: http://127.0.0.1:4723 for channel [id: 0xd6ee6950, L:/127.0.0.1:56984 - R:/127.0.0.1:4723]
20:17:05.641 [main] DEBUG net.thucydides.core.steps.StepInterceptor - STEP DONE: onHomePage
]]></system-out>
    <system-err><![CDATA[SLF4J: Class path contains multiple SLF4J bindings.
SLF4J: Found binding in [jar:file:/Users/masgilang/.m2/repository/ch/qos/logback/logback-classic/1.2.10/logback-classic-1.2.10.jar!/org/slf4j/impl/StaticLoggerBinder.class]
SLF4J: Found binding in [jar:file:/Users/masgilang/.m2/repository/org/slf4j/slf4j-simple/1.7.7/slf4j-simple-1.7.7.jar!/org/slf4j/impl/StaticLoggerBinder.class]
SLF4J: See http://www.slf4j.org/codes.html#multiple_bindings for an explanation.
SLF4J: Actual binding is of type [ch.qos.logback.classic.util.ContextSelectorStaticBinder]
]]></system-err>
  </testcase>
  <testcase name="user click account info" classname="As a user i can login" time="0.155">
    <system-out><![CDATA[20:17:05.712 [main] DEBUG net.thucydides.core.steps.StepInterceptor - STARTING STEP: LoginSteps.userClikAccount - clickAccount
20:17:05.719 [Forwarding findElement on session 84f4caf2-9b4b-47c3-8dab-c2faf9018f13 to remote] DEBUG org.asynchttpclient.netty.request.NettyRequestSender - Using pooled Channel '[id: 0xd6ee6950, L:/127.0.0.1:56984 - R:/127.0.0.1:4723]' for 'POST' to 'http://127.0.0.1:4723/wd/hub/session/84f4caf2-9b4b-47c3-8dab-c2faf9018f13/element'
20:17:05.719 [Forwarding findElement on session 84f4caf2-9b4b-47c3-8dab-c2faf9018f13 to remote] DEBUG org.asynchttpclient.netty.request.NettyRequestSender - Using open Channel [id: 0xd6ee6950, L:/127.0.0.1:56984 - R:/127.0.0.1:4723] for POST '/wd/hub/session/84f4caf2-9b4b-47c3-8dab-c2faf9018f13/element'
20:17:05.744 [AsyncHttpClient-1-2] DEBUG org.asynchttpclient.netty.handler.HttpHandler - 

Request DefaultHttpRequest(decodeResult: success, version: HTTP/1.1)
POST /wd/hub/session/84f4caf2-9b4b-47c3-8dab-c2faf9018f13/element HTTP/1.1
User-Agent: appium/8.3.0 (selenium/4.8.1 (java mac))
Content-Length: 330
Content-Type: application/json; charset=utf-8
host: 127.0.0.1:4723
accept: */*

Response DefaultHttpResponse(decodeResult: success, version: HTTP/1.1)
HTTP/1.1 200 OK
X-Powered-By: Express
Vary: X-HTTP-Method-Override
Content-Type: application/json; charset=utf-8
Content-Length: 137
ETag: W/"89-j9UCPJgxjiALSvGjetCbkidr8wE"
Date: Tue, 09 May 2023 13:17:05 GMT
Connection: keep-alive
Keep-Alive: timeout=600

20:17:05.745 [AsyncHttpClient-1-2] DEBUG org.asynchttpclient.netty.channel.ChannelManager - Adding key: http://127.0.0.1:4723 for channel [id: 0xd6ee6950, L:/127.0.0.1:56984 - R:/127.0.0.1:4723]
20:17:05.751 [Forwarding isElementDisplayed on session 84f4caf2-9b4b-47c3-8dab-c2faf9018f13 to remote] DEBUG org.asynchttpclient.netty.request.NettyRequestSender - Using pooled Channel '[id: 0xd6ee6950, L:/127.0.0.1:56984 - R:/127.0.0.1:4723]' for 'GET' to 'http://127.0.0.1:4723/wd/hub/session/84f4caf2-9b4b-47c3-8dab-c2faf9018f13/element/00000000-0000-0230-0000-000700000003/displayed'
20:17:05.751 [Forwarding isElementDisplayed on session 84f4caf2-9b4b-47c3-8dab-c2faf9018f13 to remote] DEBUG org.asynchttpclient.netty.request.NettyRequestSender - Using open Channel [id: 0xd6ee6950, L:/127.0.0.1:56984 - R:/127.0.0.1:4723] for GET '/wd/hub/session/84f4caf2-9b4b-47c3-8dab-c2faf9018f13/element/00000000-0000-0230-0000-000700000003/displayed'
20:17:05.760 [AsyncHttpClient-1-2] DEBUG org.asynchttpclient.netty.handler.HttpHandler - 

Request DefaultFullHttpRequest(decodeResult: success, version: HTTP/1.1, content: EmptyByteBufBE)
GET /wd/hub/session/84f4caf2-9b4b-47c3-8dab-c2faf9018f13/element/00000000-0000-0230-0000-000700000003/displayed HTTP/1.1
User-Agent: appium/8.3.0 (selenium/4.8.1 (java mac))
Cache-Control: no-cache
Content-Type: application/json; charset=utf-8
host: 127.0.0.1:4723
accept: */*

Response DefaultHttpResponse(decodeResult: success, version: HTTP/1.1)
HTTP/1.1 200 OK
X-Powered-By: Express
Content-Type: application/json; charset=utf-8
Content-Length: 14
ETag: W/"e-2ZHvAWebNQpyjGZTg6uyV8/spTo"
Date: Tue, 09 May 2023 13:17:05 GMT
Connection: keep-alive
Keep-Alive: timeout=600

20:17:05.761 [AsyncHttpClient-1-2] DEBUG org.asynchttpclient.netty.channel.ChannelManager - Adding key: http://127.0.0.1:4723 for channel [id: 0xd6ee6950, L:/127.0.0.1:56984 - R:/127.0.0.1:4723]
20:17:05.762 [Forwarding isElementEnabled on session 84f4caf2-9b4b-47c3-8dab-c2faf9018f13 to remote] DEBUG org.asynchttpclient.netty.request.NettyRequestSender - Using pooled Channel '[id: 0xd6ee6950, L:/127.0.0.1:56984 - R:/127.0.0.1:4723]' for 'GET' to 'http://127.0.0.1:4723/wd/hub/session/84f4caf2-9b4b-47c3-8dab-c2faf9018f13/element/00000000-0000-0230-0000-000700000003/enabled'
20:17:05.763 [Forwarding isElementEnabled on session 84f4caf2-9b4b-47c3-8dab-c2faf9018f13 to remote] DEBUG org.asynchttpclient.netty.request.NettyRequestSender - Using open Channel [id: 0xd6ee6950, L:/127.0.0.1:56984 - R:/127.0.0.1:4723] for GET '/wd/hub/session/84f4caf2-9b4b-47c3-8dab-c2faf9018f13/element/00000000-0000-0230-0000-000700000003/enabled'
20:17:05.770 [AsyncHttpClient-1-2] DEBUG org.asynchttpclient.netty.handler.HttpHandler - 

Request DefaultFullHttpRequest(decodeResult: success, version: HTTP/1.1, content: EmptyByteBufBE)
GET /wd/hub/session/84f4caf2-9b4b-47c3-8dab-c2faf9018f13/element/00000000-0000-0230-0000-000700000003/enabled HTTP/1.1
User-Agent: appium/8.3.0 (selenium/4.8.1 (java mac))
Cache-Control: no-cache
Content-Type: application/json; charset=utf-8
host: 127.0.0.1:4723
accept: */*

Response DefaultHttpResponse(decodeResult: success, version: HTTP/1.1)
HTTP/1.1 200 OK
X-Powered-By: Express
Content-Type: application/json; charset=utf-8
Content-Length: 14
ETag: W/"e-2ZHvAWebNQpyjGZTg6uyV8/spTo"
Date: Tue, 09 May 2023 13:17:05 GMT
Connection: keep-alive
Keep-Alive: timeout=600

20:17:05.771 [AsyncHttpClient-1-2] DEBUG org.asynchttpclient.netty.channel.ChannelManager - Adding key: http://127.0.0.1:4723 for channel [id: 0xd6ee6950, L:/127.0.0.1:56984 - R:/127.0.0.1:4723]
20:17:05.773 [Forwarding clickElement on session 84f4caf2-9b4b-47c3-8dab-c2faf9018f13 to remote] DEBUG org.asynchttpclient.netty.request.NettyRequestSender - Using pooled Channel '[id: 0xd6ee6950, L:/127.0.0.1:56984 - R:/127.0.0.1:4723]' for 'POST' to 'http://127.0.0.1:4723/wd/hub/session/84f4caf2-9b4b-47c3-8dab-c2faf9018f13/element/00000000-0000-0230-0000-000700000003/click'
20:17:05.773 [Forwarding clickElement on session 84f4caf2-9b4b-47c3-8dab-c2faf9018f13 to remote] DEBUG org.asynchttpclient.netty.request.NettyRequestSender - Using open Channel [id: 0xd6ee6950, L:/127.0.0.1:56984 - R:/127.0.0.1:4723] for POST '/wd/hub/session/84f4caf2-9b4b-47c3-8dab-c2faf9018f13/element/00000000-0000-0230-0000-000700000003/click'
20:17:05.820 [AsyncHttpClient-1-2] DEBUG org.asynchttpclient.netty.handler.HttpHandler - 

Request DefaultHttpRequest(decodeResult: success, version: HTTP/1.1)
POST /wd/hub/session/84f4caf2-9b4b-47c3-8dab-c2faf9018f13/element/00000000-0000-0230-0000-000700000003/click HTTP/1.1
User-Agent: appium/8.3.0 (selenium/4.8.1 (java mac))
Content-Length: 50
Content-Type: application/json; charset=utf-8
host: 127.0.0.1:4723
accept: */*

Response DefaultHttpResponse(decodeResult: success, version: HTTP/1.1)
HTTP/1.1 200 OK
X-Powered-By: Express
Vary: X-HTTP-Method-Override
Content-Type: application/json; charset=utf-8
Content-Length: 14
ETag: W/"e-9/1BuKMgFObM1mWJm+YjxtXJnUM"
Date: Tue, 09 May 2023 13:17:05 GMT
Connection: keep-alive
Keep-Alive: timeout=600

20:17:05.821 [AsyncHttpClient-1-2] DEBUG org.asynchttpclient.netty.channel.ChannelManager - Adding key: http://127.0.0.1:4723 for channel [id: 0xd6ee6950, L:/127.0.0.1:56984 - R:/127.0.0.1:4723]
20:17:05.823 [main] DEBUG net.thucydides.core.steps.StepInterceptor - STEP DONE: clickAccount
]]></system-out>
  </testcase>
  <testcase name="user input valid email" classname="As a user i can login" time="1.812">
    <system-out><![CDATA[20:17:05.842 [main] DEBUG net.thucydides.core.steps.StepInterceptor - STARTING STEP: LoginSteps.userInputValidEmail - clickTypeEmail
20:17:05.845 [Forwarding findElement on session 84f4caf2-9b4b-47c3-8dab-c2faf9018f13 to remote] DEBUG org.asynchttpclient.netty.request.NettyRequestSender - Using pooled Channel '[id: 0xd6ee6950, L:/127.0.0.1:56984 - R:/127.0.0.1:4723]' for 'POST' to 'http://127.0.0.1:4723/wd/hub/session/84f4caf2-9b4b-47c3-8dab-c2faf9018f13/element'
20:17:05.845 [Forwarding findElement on session 84f4caf2-9b4b-47c3-8dab-c2faf9018f13 to remote] DEBUG org.asynchttpclient.netty.request.NettyRequestSender - Using open Channel [id: 0xd6ee6950, L:/127.0.0.1:56984 - R:/127.0.0.1:4723] for POST '/wd/hub/session/84f4caf2-9b4b-47c3-8dab-c2faf9018f13/element'
20:17:06.670 [AsyncHttpClient-1-2] DEBUG org.asynchttpclient.netty.handler.HttpHandler - 

Request DefaultHttpRequest(decodeResult: success, version: HTTP/1.1)
POST /wd/hub/session/84f4caf2-9b4b-47c3-8dab-c2faf9018f13/element HTTP/1.1
User-Agent: appium/8.3.0 (selenium/4.8.1 (java mac))
Content-Length: 305
Content-Type: application/json; charset=utf-8
host: 127.0.0.1:4723
accept: */*

Response DefaultHttpResponse(decodeResult: success, version: HTTP/1.1)
HTTP/1.1 200 OK
X-Powered-By: Express
Vary: X-HTTP-Method-Override
Content-Type: application/json; charset=utf-8
Content-Length: 137
ETag: W/"89-2SiUnfNfhw3XQmSZ4QDHsr4OFhA"
Date: Tue, 09 May 2023 13:17:06 GMT
Connection: keep-alive
Keep-Alive: timeout=600

20:17:06.673 [AsyncHttpClient-1-2] DEBUG org.asynchttpclient.netty.channel.ChannelManager - Adding key: http://127.0.0.1:4723 for channel [id: 0xd6ee6950, L:/127.0.0.1:56984 - R:/127.0.0.1:4723]
20:17:06.680 [Forwarding isElementDisplayed on session 84f4caf2-9b4b-47c3-8dab-c2faf9018f13 to remote] DEBUG org.asynchttpclient.netty.request.NettyRequestSender - Using pooled Channel '[id: 0xd6ee6950, L:/127.0.0.1:56984 - R:/127.0.0.1:4723]' for 'GET' to 'http://127.0.0.1:4723/wd/hub/session/84f4caf2-9b4b-47c3-8dab-c2faf9018f13/element/00000000-0000-0230-0000-000c00000003/displayed'
20:17:06.681 [Forwarding isElementDisplayed on session 84f4caf2-9b4b-47c3-8dab-c2faf9018f13 to remote] DEBUG org.asynchttpclient.netty.request.NettyRequestSender - Using open Channel [id: 0xd6ee6950, L:/127.0.0.1:56984 - R:/127.0.0.1:4723] for GET '/wd/hub/session/84f4caf2-9b4b-47c3-8dab-c2faf9018f13/element/00000000-0000-0230-0000-000c00000003/displayed'
20:17:06.697 [AsyncHttpClient-1-2] DEBUG org.asynchttpclient.netty.handler.HttpHandler - 

Request DefaultFullHttpRequest(decodeResult: success, version: HTTP/1.1, content: EmptyByteBufBE)
GET /wd/hub/session/84f4caf2-9b4b-47c3-8dab-c2faf9018f13/element/00000000-0000-0230-0000-000c00000003/displayed HTTP/1.1
User-Agent: appium/8.3.0 (selenium/4.8.1 (java mac))
Cache-Control: no-cache
Content-Type: application/json; charset=utf-8
host: 127.0.0.1:4723
accept: */*

Response DefaultHttpResponse(decodeResult: success, version: HTTP/1.1)
HTTP/1.1 200 OK
X-Powered-By: Express
Content-Type: application/json; charset=utf-8
Content-Length: 14
ETag: W/"e-2ZHvAWebNQpyjGZTg6uyV8/spTo"
Date: Tue, 09 May 2023 13:17:06 GMT
Connection: keep-alive
Keep-Alive: timeout=600

20:17:06.698 [AsyncHttpClient-1-2] DEBUG org.asynchttpclient.netty.channel.ChannelManager - Adding key: http://127.0.0.1:4723 for channel [id: 0xd6ee6950, L:/127.0.0.1:56984 - R:/127.0.0.1:4723]
20:17:06.700 [Forwarding isElementEnabled on session 84f4caf2-9b4b-47c3-8dab-c2faf9018f13 to remote] DEBUG org.asynchttpclient.netty.request.NettyRequestSender - Using pooled Channel '[id: 0xd6ee6950, L:/127.0.0.1:56984 - R:/127.0.0.1:4723]' for 'GET' to 'http://127.0.0.1:4723/wd/hub/session/84f4caf2-9b4b-47c3-8dab-c2faf9018f13/element/00000000-0000-0230-0000-000c00000003/enabled'
20:17:06.702 [Forwarding isElementEnabled on session 84f4caf2-9b4b-47c3-8dab-c2faf9018f13 to remote] DEBUG org.asynchttpclient.netty.request.NettyRequestSender - Using open Channel [id: 0xd6ee6950, L:/127.0.0.1:56984 - R:/127.0.0.1:4723] for GET '/wd/hub/session/84f4caf2-9b4b-47c3-8dab-c2faf9018f13/element/00000000-0000-0230-0000-000c00000003/enabled'
20:17:06.711 [AsyncHttpClient-1-2] DEBUG org.asynchttpclient.netty.handler.HttpHandler - 

Request DefaultFullHttpRequest(decodeResult: success, version: HTTP/1.1, content: EmptyByteBufBE)
GET /wd/hub/session/84f4caf2-9b4b-47c3-8dab-c2faf9018f13/element/00000000-0000-0230-0000-000c00000003/enabled HTTP/1.1
User-Agent: appium/8.3.0 (selenium/4.8.1 (java mac))
Cache-Control: no-cache
Content-Type: application/json; charset=utf-8
host: 127.0.0.1:4723
accept: */*

Response DefaultHttpResponse(decodeResult: success, version: HTTP/1.1)
HTTP/1.1 200 OK
X-Powered-By: Express
Content-Type: application/json; charset=utf-8
Content-Length: 14
ETag: W/"e-2ZHvAWebNQpyjGZTg6uyV8/spTo"
Date: Tue, 09 May 2023 13:17:06 GMT
Connection: keep-alive
Keep-Alive: timeout=600

20:17:06.713 [AsyncHttpClient-1-2] DEBUG org.asynchttpclient.netty.channel.ChannelManager - Adding key: http://127.0.0.1:4723 for channel [id: 0xd6ee6950, L:/127.0.0.1:56984 - R:/127.0.0.1:4723]
20:17:06.720 [Forwarding clickElement on session 84f4caf2-9b4b-47c3-8dab-c2faf9018f13 to remote] DEBUG org.asynchttpclient.netty.request.NettyRequestSender - Using pooled Channel '[id: 0xd6ee6950, L:/127.0.0.1:56984 - R:/127.0.0.1:4723]' for 'POST' to 'http://127.0.0.1:4723/wd/hub/session/84f4caf2-9b4b-47c3-8dab-c2faf9018f13/element/00000000-0000-0230-0000-000c00000003/click'
20:17:06.720 [Forwarding clickElement on session 84f4caf2-9b4b-47c3-8dab-c2faf9018f13 to remote] DEBUG org.asynchttpclient.netty.request.NettyRequestSender - Using open Channel [id: 0xd6ee6950, L:/127.0.0.1:56984 - R:/127.0.0.1:4723] for POST '/wd/hub/session/84f4caf2-9b4b-47c3-8dab-c2faf9018f13/element/00000000-0000-0230-0000-000c00000003/click'
20:17:06.780 [AsyncHttpClient-1-2] DEBUG org.asynchttpclient.netty.handler.HttpHandler - 

Request DefaultHttpRequest(decodeResult: success, version: HTTP/1.1)
POST /wd/hub/session/84f4caf2-9b4b-47c3-8dab-c2faf9018f13/element/00000000-0000-0230-0000-000c00000003/click HTTP/1.1
User-Agent: appium/8.3.0 (selenium/4.8.1 (java mac))
Content-Length: 50
Content-Type: application/json; charset=utf-8
host: 127.0.0.1:4723
accept: */*

Response DefaultHttpResponse(decodeResult: success, version: HTTP/1.1)
HTTP/1.1 200 OK
X-Powered-By: Express
Vary: X-HTTP-Method-Override
Content-Type: application/json; charset=utf-8
Content-Length: 14
ETag: W/"e-9/1BuKMgFObM1mWJm+YjxtXJnUM"
Date: Tue, 09 May 2023 13:17:06 GMT
Connection: keep-alive
Keep-Alive: timeout=600

20:17:06.785 [AsyncHttpClient-1-2] DEBUG org.asynchttpclient.netty.channel.ChannelManager - Adding key: http://127.0.0.1:4723 for channel [id: 0xd6ee6950, L:/127.0.0.1:56984 - R:/127.0.0.1:4723]
20:17:06.803 [main] DEBUG net.thucydides.core.steps.StepInterceptor - STEP DONE: clickTypeEmail
20:17:06.825 [main] DEBUG net.thucydides.core.steps.StepInterceptor - STARTING STEP: LoginSteps.userInputValidEmail - inputEmail
20:17:06.849 [Forwarding findElement on session 84f4caf2-9b4b-47c3-8dab-c2faf9018f13 to remote] DEBUG org.asynchttpclient.netty.request.NettyRequestSender - Using pooled Channel '[id: 0xd6ee6950, L:/127.0.0.1:56984 - R:/127.0.0.1:4723]' for 'POST' to 'http://127.0.0.1:4723/wd/hub/session/84f4caf2-9b4b-47c3-8dab-c2faf9018f13/element'
20:17:06.850 [Forwarding findElement on session 84f4caf2-9b4b-47c3-8dab-c2faf9018f13 to remote] DEBUG org.asynchttpclient.netty.request.NettyRequestSender - Using open Channel [id: 0xd6ee6950, L:/127.0.0.1:56984 - R:/127.0.0.1:4723] for POST '/wd/hub/session/84f4caf2-9b4b-47c3-8dab-c2faf9018f13/element'
20:17:07.555 [AsyncHttpClient-1-2] DEBUG org.asynchttpclient.netty.handler.HttpHandler - 

Request DefaultHttpRequest(decodeResult: success, version: HTTP/1.1)
POST /wd/hub/session/84f4caf2-9b4b-47c3-8dab-c2faf9018f13/element HTTP/1.1
User-Agent: appium/8.3.0 (selenium/4.8.1 (java mac))
Content-Length: 305
Content-Type: application/json; charset=utf-8
host: 127.0.0.1:4723
accept: */*

Response DefaultHttpResponse(decodeResult: success, version: HTTP/1.1)
HTTP/1.1 200 OK
X-Powered-By: Express
Vary: X-HTTP-Method-Override
Content-Type: application/json; charset=utf-8
Content-Length: 137
ETag: W/"89-2SiUnfNfhw3XQmSZ4QDHsr4OFhA"
Date: Tue, 09 May 2023 13:17:07 GMT
Connection: keep-alive
Keep-Alive: timeout=600

20:17:07.559 [AsyncHttpClient-1-2] DEBUG org.asynchttpclient.netty.channel.ChannelManager - Adding key: http://127.0.0.1:4723 for channel [id: 0xd6ee6950, L:/127.0.0.1:56984 - R:/127.0.0.1:4723]
20:17:07.603 [Forwarding sendKeysToElement on session 84f4caf2-9b4b-47c3-8dab-c2faf9018f13 to remote] DEBUG org.asynchttpclient.netty.request.NettyRequestSender - Using pooled Channel '[id: 0xd6ee6950, L:/127.0.0.1:56984 - R:/127.0.0.1:4723]' for 'POST' to 'http://127.0.0.1:4723/wd/hub/session/84f4caf2-9b4b-47c3-8dab-c2faf9018f13/element/00000000-0000-0230-0000-000c00000003/value'
20:17:07.606 [Forwarding sendKeysToElement on session 84f4caf2-9b4b-47c3-8dab-c2faf9018f13 to remote] DEBUG org.asynchttpclient.netty.request.NettyRequestSender - Using open Channel [id: 0xd6ee6950, L:/127.0.0.1:56984 - R:/127.0.0.1:4723] for POST '/wd/hub/session/84f4caf2-9b4b-47c3-8dab-c2faf9018f13/element/00000000-0000-0230-0000-000c00000003/value'
20:17:07.633 [AsyncHttpClient-1-2] DEBUG org.asynchttpclient.netty.handler.HttpHandler - 

Request DefaultHttpRequest(decodeResult: success, version: HTTP/1.1)
POST /wd/hub/session/84f4caf2-9b4b-47c3-8dab-c2faf9018f13/element/00000000-0000-0230-0000-000c00000003/value HTTP/1.1
User-Agent: appium/8.3.0 (selenium/4.8.1 (java mac))
Content-Length: 241
Content-Type: application/json; charset=utf-8
host: 127.0.0.1:4723
accept: */*

Response DefaultHttpResponse(decodeResult: success, version: HTTP/1.1)
HTTP/1.1 200 OK
X-Powered-By: Express
Vary: X-HTTP-Method-Override
Content-Type: application/json; charset=utf-8
Content-Length: 14
ETag: W/"e-9/1BuKMgFObM1mWJm+YjxtXJnUM"
Date: Tue, 09 May 2023 13:17:07 GMT
Connection: keep-alive
Keep-Alive: timeout=600

20:17:07.634 [AsyncHttpClient-1-2] DEBUG org.asynchttpclient.netty.channel.ChannelManager - Adding key: http://127.0.0.1:4723 for channel [id: 0xd6ee6950, L:/127.0.0.1:56984 - R:/127.0.0.1:4723]
20:17:07.641 [main] DEBUG net.thucydides.core.steps.StepInterceptor - STEP DONE: inputEmail
]]></system-out>
  </testcase>
  <testcase name="user input valid password" classname="As a user i can login" time="1.306">
    <system-out><![CDATA[20:17:07.667 [main] DEBUG net.thucydides.core.steps.StepInterceptor - STARTING STEP: LoginSteps.userInputInvalidPassword - clickTypePassword
20:17:07.672 [Forwarding findElement on session 84f4caf2-9b4b-47c3-8dab-c2faf9018f13 to remote] DEBUG org.asynchttpclient.netty.request.NettyRequestSender - Using pooled Channel '[id: 0xd6ee6950, L:/127.0.0.1:56984 - R:/127.0.0.1:4723]' for 'POST' to 'http://127.0.0.1:4723/wd/hub/session/84f4caf2-9b4b-47c3-8dab-c2faf9018f13/element'
20:17:07.673 [Forwarding findElement on session 84f4caf2-9b4b-47c3-8dab-c2faf9018f13 to remote] DEBUG org.asynchttpclient.netty.request.NettyRequestSender - Using open Channel [id: 0xd6ee6950, L:/127.0.0.1:56984 - R:/127.0.0.1:4723] for POST '/wd/hub/session/84f4caf2-9b4b-47c3-8dab-c2faf9018f13/element'
20:17:08.170 [AsyncHttpClient-1-2] DEBUG org.asynchttpclient.netty.handler.HttpHandler - 

Request DefaultHttpRequest(decodeResult: success, version: HTTP/1.1)
POST /wd/hub/session/84f4caf2-9b4b-47c3-8dab-c2faf9018f13/element HTTP/1.1
User-Agent: appium/8.3.0 (selenium/4.8.1 (java mac))
Content-Length: 305
Content-Type: application/json; charset=utf-8
host: 127.0.0.1:4723
accept: */*

Response DefaultHttpResponse(decodeResult: success, version: HTTP/1.1)
HTTP/1.1 200 OK
X-Powered-By: Express
Vary: X-HTTP-Method-Override
Content-Type: application/json; charset=utf-8
Content-Length: 137
ETag: W/"89-bMmCP+efWCiqnIeOHI2xTumneBA"
Date: Tue, 09 May 2023 13:17:08 GMT
Connection: keep-alive
Keep-Alive: timeout=600

20:17:08.171 [AsyncHttpClient-1-2] DEBUG org.asynchttpclient.netty.channel.ChannelManager - Adding key: http://127.0.0.1:4723 for channel [id: 0xd6ee6950, L:/127.0.0.1:56984 - R:/127.0.0.1:4723]
20:17:08.181 [Forwarding isElementDisplayed on session 84f4caf2-9b4b-47c3-8dab-c2faf9018f13 to remote] DEBUG org.asynchttpclient.netty.request.NettyRequestSender - Using pooled Channel '[id: 0xd6ee6950, L:/127.0.0.1:56984 - R:/127.0.0.1:4723]' for 'GET' to 'http://127.0.0.1:4723/wd/hub/session/84f4caf2-9b4b-47c3-8dab-c2faf9018f13/element/00000000-0000-0230-0000-000d00000003/displayed'
20:17:08.181 [Forwarding isElementDisplayed on session 84f4caf2-9b4b-47c3-8dab-c2faf9018f13 to remote] DEBUG org.asynchttpclient.netty.request.NettyRequestSender - Using open Channel [id: 0xd6ee6950, L:/127.0.0.1:56984 - R:/127.0.0.1:4723] for GET '/wd/hub/session/84f4caf2-9b4b-47c3-8dab-c2faf9018f13/element/00000000-0000-0230-0000-000d00000003/displayed'
20:17:08.194 [AsyncHttpClient-1-2] DEBUG org.asynchttpclient.netty.handler.HttpHandler - 

Request DefaultFullHttpRequest(decodeResult: success, version: HTTP/1.1, content: EmptyByteBufBE)
GET /wd/hub/session/84f4caf2-9b4b-47c3-8dab-c2faf9018f13/element/00000000-0000-0230-0000-000d00000003/displayed HTTP/1.1
User-Agent: appium/8.3.0 (selenium/4.8.1 (java mac))
Cache-Control: no-cache
Content-Type: application/json; charset=utf-8
host: 127.0.0.1:4723
accept: */*

Response DefaultHttpResponse(decodeResult: success, version: HTTP/1.1)
HTTP/1.1 200 OK
X-Powered-By: Express
Content-Type: application/json; charset=utf-8
Content-Length: 14
ETag: W/"e-2ZHvAWebNQpyjGZTg6uyV8/spTo"
Date: Tue, 09 May 2023 13:17:08 GMT
Connection: keep-alive
Keep-Alive: timeout=600

20:17:08.195 [AsyncHttpClient-1-2] DEBUG org.asynchttpclient.netty.channel.ChannelManager - Adding key: http://127.0.0.1:4723 for channel [id: 0xd6ee6950, L:/127.0.0.1:56984 - R:/127.0.0.1:4723]
20:17:08.199 [Forwarding isElementEnabled on session 84f4caf2-9b4b-47c3-8dab-c2faf9018f13 to remote] DEBUG org.asynchttpclient.netty.request.NettyRequestSender - Using pooled Channel '[id: 0xd6ee6950, L:/127.0.0.1:56984 - R:/127.0.0.1:4723]' for 'GET' to 'http://127.0.0.1:4723/wd/hub/session/84f4caf2-9b4b-47c3-8dab-c2faf9018f13/element/00000000-0000-0230-0000-000d00000003/enabled'
20:17:08.200 [Forwarding isElementEnabled on session 84f4caf2-9b4b-47c3-8dab-c2faf9018f13 to remote] DEBUG org.asynchttpclient.netty.request.NettyRequestSender - Using open Channel [id: 0xd6ee6950, L:/127.0.0.1:56984 - R:/127.0.0.1:4723] for GET '/wd/hub/session/84f4caf2-9b4b-47c3-8dab-c2faf9018f13/element/00000000-0000-0230-0000-000d00000003/enabled'
20:17:08.210 [AsyncHttpClient-1-2] DEBUG org.asynchttpclient.netty.handler.HttpHandler - 

Request DefaultFullHttpRequest(decodeResult: success, version: HTTP/1.1, content: EmptyByteBufBE)
GET /wd/hub/session/84f4caf2-9b4b-47c3-8dab-c2faf9018f13/element/00000000-0000-0230-0000-000d00000003/enabled HTTP/1.1
User-Agent: appium/8.3.0 (selenium/4.8.1 (java mac))
Cache-Control: no-cache
Content-Type: application/json; charset=utf-8
host: 127.0.0.1:4723
accept: */*

Response DefaultHttpResponse(decodeResult: success, version: HTTP/1.1)
HTTP/1.1 200 OK
X-Powered-By: Express
Content-Type: application/json; charset=utf-8
Content-Length: 14
ETag: W/"e-2ZHvAWebNQpyjGZTg6uyV8/spTo"
Date: Tue, 09 May 2023 13:17:08 GMT
Connection: keep-alive
Keep-Alive: timeout=600

20:17:08.211 [AsyncHttpClient-1-2] DEBUG org.asynchttpclient.netty.channel.ChannelManager - Adding key: http://127.0.0.1:4723 for channel [id: 0xd6ee6950, L:/127.0.0.1:56984 - R:/127.0.0.1:4723]
20:17:08.215 [Forwarding clickElement on session 84f4caf2-9b4b-47c3-8dab-c2faf9018f13 to remote] DEBUG org.asynchttpclient.netty.request.NettyRequestSender - Using pooled Channel '[id: 0xd6ee6950, L:/127.0.0.1:56984 - R:/127.0.0.1:4723]' for 'POST' to 'http://127.0.0.1:4723/wd/hub/session/84f4caf2-9b4b-47c3-8dab-c2faf9018f13/element/00000000-0000-0230-0000-000d00000003/click'
20:17:08.216 [Forwarding clickElement on session 84f4caf2-9b4b-47c3-8dab-c2faf9018f13 to remote] DEBUG org.asynchttpclient.netty.request.NettyRequestSender - Using open Channel [id: 0xd6ee6950, L:/127.0.0.1:56984 - R:/127.0.0.1:4723] for POST '/wd/hub/session/84f4caf2-9b4b-47c3-8dab-c2faf9018f13/element/00000000-0000-0230-0000-000d00000003/click'
20:17:08.862 [AsyncHttpClient-1-2] DEBUG org.asynchttpclient.netty.handler.HttpHandler - 

Request DefaultHttpRequest(decodeResult: success, version: HTTP/1.1)
POST /wd/hub/session/84f4caf2-9b4b-47c3-8dab-c2faf9018f13/element/00000000-0000-0230-0000-000d00000003/click HTTP/1.1
User-Agent: appium/8.3.0 (selenium/4.8.1 (java mac))
Content-Length: 50
Content-Type: application/json; charset=utf-8
host: 127.0.0.1:4723
accept: */*

Response DefaultHttpResponse(decodeResult: success, version: HTTP/1.1)
HTTP/1.1 200 OK
X-Powered-By: Express
Vary: X-HTTP-Method-Override
Content-Type: application/json; charset=utf-8
Content-Length: 14
ETag: W/"e-9/1BuKMgFObM1mWJm+YjxtXJnUM"
Date: Tue, 09 May 2023 13:17:08 GMT
Connection: keep-alive
Keep-Alive: timeout=600

20:17:08.864 [AsyncHttpClient-1-2] DEBUG org.asynchttpclient.netty.channel.ChannelManager - Adding key: http://127.0.0.1:4723 for channel [id: 0xd6ee6950, L:/127.0.0.1:56984 - R:/127.0.0.1:4723]
20:17:08.872 [main] DEBUG net.thucydides.core.steps.StepInterceptor - STEP DONE: clickTypePassword
20:17:08.878 [main] DEBUG net.thucydides.core.steps.StepInterceptor - STARTING STEP: LoginSteps.userInputInvalidPassword - inputPassword
20:17:08.884 [Forwarding findElement on session 84f4caf2-9b4b-47c3-8dab-c2faf9018f13 to remote] DEBUG org.asynchttpclient.netty.request.NettyRequestSender - Using pooled Channel '[id: 0xd6ee6950, L:/127.0.0.1:56984 - R:/127.0.0.1:4723]' for 'POST' to 'http://127.0.0.1:4723/wd/hub/session/84f4caf2-9b4b-47c3-8dab-c2faf9018f13/element'
20:17:08.884 [Forwarding findElement on session 84f4caf2-9b4b-47c3-8dab-c2faf9018f13 to remote] DEBUG org.asynchttpclient.netty.request.NettyRequestSender - Using open Channel [id: 0xd6ee6950, L:/127.0.0.1:56984 - R:/127.0.0.1:4723] for POST '/wd/hub/session/84f4caf2-9b4b-47c3-8dab-c2faf9018f13/element'
20:17:08.925 [AsyncHttpClient-1-2] DEBUG org.asynchttpclient.netty.handler.HttpHandler - 

Request DefaultHttpRequest(decodeResult: success, version: HTTP/1.1)
POST /wd/hub/session/84f4caf2-9b4b-47c3-8dab-c2faf9018f13/element HTTP/1.1
User-Agent: appium/8.3.0 (selenium/4.8.1 (java mac))
Content-Length: 305
Content-Type: application/json; charset=utf-8
host: 127.0.0.1:4723
accept: */*

Response DefaultHttpResponse(decodeResult: success, version: HTTP/1.1)
HTTP/1.1 200 OK
X-Powered-By: Express
Vary: X-HTTP-Method-Override
Content-Type: application/json; charset=utf-8
Content-Length: 137
ETag: W/"89-bMmCP+efWCiqnIeOHI2xTumneBA"
Date: Tue, 09 May 2023 13:17:08 GMT
Connection: keep-alive
Keep-Alive: timeout=600

20:17:08.926 [AsyncHttpClient-1-2] DEBUG org.asynchttpclient.netty.channel.ChannelManager - Adding key: http://127.0.0.1:4723 for channel [id: 0xd6ee6950, L:/127.0.0.1:56984 - R:/127.0.0.1:4723]
20:17:08.936 [Forwarding sendKeysToElement on session 84f4caf2-9b4b-47c3-8dab-c2faf9018f13 to remote] DEBUG org.asynchttpclient.netty.request.NettyRequestSender - Using pooled Channel '[id: 0xd6ee6950, L:/127.0.0.1:56984 - R:/127.0.0.1:4723]' for 'POST' to 'http://127.0.0.1:4723/wd/hub/session/84f4caf2-9b4b-47c3-8dab-c2faf9018f13/element/00000000-0000-0230-0000-000d00000003/value'
20:17:08.936 [Forwarding sendKeysToElement on session 84f4caf2-9b4b-47c3-8dab-c2faf9018f13 to remote] DEBUG org.asynchttpclient.netty.request.NettyRequestSender - Using open Channel [id: 0xd6ee6950, L:/127.0.0.1:56984 - R:/127.0.0.1:4723] for POST '/wd/hub/session/84f4caf2-9b4b-47c3-8dab-c2faf9018f13/element/00000000-0000-0230-0000-000d00000003/value'
20:17:08.957 [AsyncHttpClient-1-2] DEBUG org.asynchttpclient.netty.handler.HttpHandler - 

Request DefaultHttpRequest(decodeResult: success, version: HTTP/1.1)
POST /wd/hub/session/84f4caf2-9b4b-47c3-8dab-c2faf9018f13/element/00000000-0000-0230-0000-000d00000003/value HTTP/1.1
User-Agent: appium/8.3.0 (selenium/4.8.1 (java mac))
Content-Length: 141
Content-Type: application/json; charset=utf-8
host: 127.0.0.1:4723
accept: */*

Response DefaultHttpResponse(decodeResult: success, version: HTTP/1.1)
HTTP/1.1 200 OK
X-Powered-By: Express
Vary: X-HTTP-Method-Override
Content-Type: application/json; charset=utf-8
Content-Length: 14
ETag: W/"e-9/1BuKMgFObM1mWJm+YjxtXJnUM"
Date: Tue, 09 May 2023 13:17:08 GMT
Connection: keep-alive
Keep-Alive: timeout=600

20:17:08.959 [AsyncHttpClient-1-2] DEBUG org.asynchttpclient.netty.channel.ChannelManager - Adding key: http://127.0.0.1:4723 for channel [id: 0xd6ee6950, L:/127.0.0.1:56984 - R:/127.0.0.1:4723]
20:17:08.964 [main] DEBUG net.thucydides.core.steps.StepInterceptor - STEP DONE: inputPassword
]]></system-out>
  </testcase>
  <testcase name="user click login button" classname="As a user i can login" time="1.143">
    <system-out><![CDATA[20:17:08.991 [main] DEBUG net.thucydides.core.steps.StepInterceptor - STARTING STEP: LoginSteps.userClickLoginButton - tapLoginButton
20:17:08.998 [Forwarding findElement on session 84f4caf2-9b4b-47c3-8dab-c2faf9018f13 to remote] DEBUG org.asynchttpclient.netty.request.NettyRequestSender - Using pooled Channel '[id: 0xd6ee6950, L:/127.0.0.1:56984 - R:/127.0.0.1:4723]' for 'POST' to 'http://127.0.0.1:4723/wd/hub/session/84f4caf2-9b4b-47c3-8dab-c2faf9018f13/element'
20:17:08.998 [Forwarding findElement on session 84f4caf2-9b4b-47c3-8dab-c2faf9018f13 to remote] DEBUG org.asynchttpclient.netty.request.NettyRequestSender - Using open Channel [id: 0xd6ee6950, L:/127.0.0.1:56984 - R:/127.0.0.1:4723] for POST '/wd/hub/session/84f4caf2-9b4b-47c3-8dab-c2faf9018f13/element'
20:17:09.513 [AsyncHttpClient-1-2] DEBUG org.asynchttpclient.netty.handler.HttpHandler - 

Request DefaultHttpRequest(decodeResult: success, version: HTTP/1.1)
POST /wd/hub/session/84f4caf2-9b4b-47c3-8dab-c2faf9018f13/element HTTP/1.1
User-Agent: appium/8.3.0 (selenium/4.8.1 (java mac))
Content-Length: 99
Content-Type: application/json; charset=utf-8
host: 127.0.0.1:4723
accept: */*

Response DefaultHttpResponse(decodeResult: success, version: HTTP/1.1)
HTTP/1.1 200 OK
X-Powered-By: Express
Vary: X-HTTP-Method-Override
Content-Type: application/json; charset=utf-8
Content-Length: 137
ETag: W/"89-WpALq74LyR67elv20ICZb8MmBQc"
Date: Tue, 09 May 2023 13:17:09 GMT
Connection: keep-alive
Keep-Alive: timeout=600

20:17:09.517 [AsyncHttpClient-1-2] DEBUG org.asynchttpclient.netty.channel.ChannelManager - Adding key: http://127.0.0.1:4723 for channel [id: 0xd6ee6950, L:/127.0.0.1:56984 - R:/127.0.0.1:4723]
20:17:09.532 [Forwarding isElementDisplayed on session 84f4caf2-9b4b-47c3-8dab-c2faf9018f13 to remote] DEBUG org.asynchttpclient.netty.request.NettyRequestSender - Using pooled Channel '[id: 0xd6ee6950, L:/127.0.0.1:56984 - R:/127.0.0.1:4723]' for 'GET' to 'http://127.0.0.1:4723/wd/hub/session/84f4caf2-9b4b-47c3-8dab-c2faf9018f13/element/00000000-0000-0230-0000-000e00000003/displayed'
20:17:09.533 [Forwarding isElementDisplayed on session 84f4caf2-9b4b-47c3-8dab-c2faf9018f13 to remote] DEBUG org.asynchttpclient.netty.request.NettyRequestSender - Using open Channel [id: 0xd6ee6950, L:/127.0.0.1:56984 - R:/127.0.0.1:4723] for GET '/wd/hub/session/84f4caf2-9b4b-47c3-8dab-c2faf9018f13/element/00000000-0000-0230-0000-000e00000003/displayed'
20:17:09.548 [AsyncHttpClient-1-2] DEBUG org.asynchttpclient.netty.handler.HttpHandler - 

Request DefaultFullHttpRequest(decodeResult: success, version: HTTP/1.1, content: EmptyByteBufBE)
GET /wd/hub/session/84f4caf2-9b4b-47c3-8dab-c2faf9018f13/element/00000000-0000-0230-0000-000e00000003/displayed HTTP/1.1
User-Agent: appium/8.3.0 (selenium/4.8.1 (java mac))
Cache-Control: no-cache
Content-Type: application/json; charset=utf-8
host: 127.0.0.1:4723
accept: */*

Response DefaultHttpResponse(decodeResult: success, version: HTTP/1.1)
HTTP/1.1 200 OK
X-Powered-By: Express
Content-Type: application/json; charset=utf-8
Content-Length: 14
ETag: W/"e-2ZHvAWebNQpyjGZTg6uyV8/spTo"
Date: Tue, 09 May 2023 13:17:09 GMT
Connection: keep-alive
Keep-Alive: timeout=600

20:17:09.553 [AsyncHttpClient-1-2] DEBUG org.asynchttpclient.netty.channel.ChannelManager - Adding key: http://127.0.0.1:4723 for channel [id: 0xd6ee6950, L:/127.0.0.1:56984 - R:/127.0.0.1:4723]
20:17:09.564 [Forwarding isElementEnabled on session 84f4caf2-9b4b-47c3-8dab-c2faf9018f13 to remote] DEBUG org.asynchttpclient.netty.request.NettyRequestSender - Using pooled Channel '[id: 0xd6ee6950, L:/127.0.0.1:56984 - R:/127.0.0.1:4723]' for 'GET' to 'http://127.0.0.1:4723/wd/hub/session/84f4caf2-9b4b-47c3-8dab-c2faf9018f13/element/00000000-0000-0230-0000-000e00000003/enabled'
20:17:09.565 [Forwarding isElementEnabled on session 84f4caf2-9b4b-47c3-8dab-c2faf9018f13 to remote] DEBUG org.asynchttpclient.netty.request.NettyRequestSender - Using open Channel [id: 0xd6ee6950, L:/127.0.0.1:56984 - R:/127.0.0.1:4723] for GET '/wd/hub/session/84f4caf2-9b4b-47c3-8dab-c2faf9018f13/element/00000000-0000-0230-0000-000e00000003/enabled'
20:17:09.574 [AsyncHttpClient-1-2] DEBUG org.asynchttpclient.netty.handler.HttpHandler - 

Request DefaultFullHttpRequest(decodeResult: success, version: HTTP/1.1, content: EmptyByteBufBE)
GET /wd/hub/session/84f4caf2-9b4b-47c3-8dab-c2faf9018f13/element/00000000-0000-0230-0000-000e00000003/enabled HTTP/1.1
User-Agent: appium/8.3.0 (selenium/4.8.1 (java mac))
Cache-Control: no-cache
Content-Type: application/json; charset=utf-8
host: 127.0.0.1:4723
accept: */*

Response DefaultHttpResponse(decodeResult: success, version: HTTP/1.1)
HTTP/1.1 200 OK
X-Powered-By: Express
Content-Type: application/json; charset=utf-8
Content-Length: 14
ETag: W/"e-2ZHvAWebNQpyjGZTg6uyV8/spTo"
Date: Tue, 09 May 2023 13:17:09 GMT
Connection: keep-alive
Keep-Alive: timeout=600

20:17:09.575 [AsyncHttpClient-1-2] DEBUG org.asynchttpclient.netty.channel.ChannelManager - Adding key: http://127.0.0.1:4723 for channel [id: 0xd6ee6950, L:/127.0.0.1:56984 - R:/127.0.0.1:4723]
20:17:09.581 [Forwarding clickElement on session 84f4caf2-9b4b-47c3-8dab-c2faf9018f13 to remote] DEBUG org.asynchttpclient.netty.request.NettyRequestSender - Using pooled Channel '[id: 0xd6ee6950, L:/127.0.0.1:56984 - R:/127.0.0.1:4723]' for 'POST' to 'http://127.0.0.1:4723/wd/hub/session/84f4caf2-9b4b-47c3-8dab-c2faf9018f13/element/00000000-0000-0230-0000-000e00000003/click'
20:17:09.582 [Forwarding clickElement on session 84f4caf2-9b4b-47c3-8dab-c2faf9018f13 to remote] DEBUG org.asynchttpclient.netty.request.NettyRequestSender - Using open Channel [id: 0xd6ee6950, L:/127.0.0.1:56984 - R:/127.0.0.1:4723] for POST '/wd/hub/session/84f4caf2-9b4b-47c3-8dab-c2faf9018f13/element/00000000-0000-0230-0000-000e00000003/click'
20:17:10.110 [AsyncHttpClient-1-2] DEBUG org.asynchttpclient.netty.handler.HttpHandler - 

Request DefaultHttpRequest(decodeResult: success, version: HTTP/1.1)
POST /wd/hub/session/84f4caf2-9b4b-47c3-8dab-c2faf9018f13/element/00000000-0000-0230-0000-000e00000003/click HTTP/1.1
User-Agent: appium/8.3.0 (selenium/4.8.1 (java mac))
Content-Length: 50
Content-Type: application/json; charset=utf-8
host: 127.0.0.1:4723
accept: */*

Response DefaultHttpResponse(decodeResult: success, version: HTTP/1.1)
HTTP/1.1 200 OK
X-Powered-By: Express
Vary: X-HTTP-Method-Override
Content-Type: application/json; charset=utf-8
Content-Length: 14
ETag: W/"e-9/1BuKMgFObM1mWJm+YjxtXJnUM"
Date: Tue, 09 May 2023 13:17:10 GMT
Connection: keep-alive
Keep-Alive: timeout=600

20:17:10.112 [AsyncHttpClient-1-2] DEBUG org.asynchttpclient.netty.channel.ChannelManager - Adding key: http://127.0.0.1:4723 for channel [id: 0xd6ee6950, L:/127.0.0.1:56984 - R:/127.0.0.1:4723]
20:17:10.119 [main] DEBUG net.thucydides.core.steps.StepInterceptor - STEP DONE: tapLoginButton
]]></system-out>
  </testcase>
  <testcase name="user back to home page" classname="As a user i can login" time="0.085">
    <system-out><![CDATA[20:17:10.185 [main] DEBUG net.thucydides.core.steps.StepInterceptor - STARTING STEP: LoginSteps.validateHomePage - validateHomePage
20:17:10.189 [AsyncHttpClient-1-1] DEBUG org.asynchttpclient.netty.channel.DefaultChannelPool - Entry count for : http://127.0.0.1:4723 : 1
20:17:10.195 [Forwarding findElement on session 84f4caf2-9b4b-47c3-8dab-c2faf9018f13 to remote] DEBUG org.asynchttpclient.netty.request.NettyRequestSender - Using pooled Channel '[id: 0xd6ee6950, L:/127.0.0.1:56984 - R:/127.0.0.1:4723]' for 'POST' to 'http://127.0.0.1:4723/wd/hub/session/84f4caf2-9b4b-47c3-8dab-c2faf9018f13/element'
20:17:10.196 [Forwarding findElement on session 84f4caf2-9b4b-47c3-8dab-c2faf9018f13 to remote] DEBUG org.asynchttpclient.netty.request.NettyRequestSender - Using open Channel [id: 0xd6ee6950, L:/127.0.0.1:56984 - R:/127.0.0.1:4723] for POST '/wd/hub/session/84f4caf2-9b4b-47c3-8dab-c2faf9018f13/element'
20:17:10.231 [AsyncHttpClient-1-2] DEBUG org.asynchttpclient.netty.handler.HttpHandler - 

Request DefaultHttpRequest(decodeResult: success, version: HTTP/1.1)
POST /wd/hub/session/84f4caf2-9b4b-47c3-8dab-c2faf9018f13/element HTTP/1.1
User-Agent: appium/8.3.0 (selenium/4.8.1 (java mac))
Content-Length: 330
Content-Type: application/json; charset=utf-8
host: 127.0.0.1:4723
accept: */*

Response DefaultHttpResponse(decodeResult: success, version: HTTP/1.1)
HTTP/1.1 200 OK
X-Powered-By: Express
Vary: X-HTTP-Method-Override
Content-Type: application/json; charset=utf-8
Content-Length: 137
ETag: W/"89-XfI3ksIb7L0u+PxGJ0lWd6jzK1E"
Date: Tue, 09 May 2023 13:17:10 GMT
Connection: keep-alive
Keep-Alive: timeout=600

20:17:10.231 [AsyncHttpClient-1-2] DEBUG org.asynchttpclient.netty.channel.ChannelManager - Adding key: http://127.0.0.1:4723 for channel [id: 0xd6ee6950, L:/127.0.0.1:56984 - R:/127.0.0.1:4723]
20:17:10.233 [Forwarding isElementDisplayed on session 84f4caf2-9b4b-47c3-8dab-c2faf9018f13 to remote] DEBUG org.asynchttpclient.netty.request.NettyRequestSender - Using pooled Channel '[id: 0xd6ee6950, L:/127.0.0.1:56984 - R:/127.0.0.1:4723]' for 'GET' to 'http://127.0.0.1:4723/wd/hub/session/84f4caf2-9b4b-47c3-8dab-c2faf9018f13/element/00000000-0000-0230-0000-001200000003/displayed'
20:17:10.234 [Forwarding isElementDisplayed on session 84f4caf2-9b4b-47c3-8dab-c2faf9018f13 to remote] DEBUG org.asynchttpclient.netty.request.NettyRequestSender - Using open Channel [id: 0xd6ee6950, L:/127.0.0.1:56984 - R:/127.0.0.1:4723] for GET '/wd/hub/session/84f4caf2-9b4b-47c3-8dab-c2faf9018f13/element/00000000-0000-0230-0000-001200000003/displayed'
20:17:10.241 [AsyncHttpClient-1-2] DEBUG org.asynchttpclient.netty.handler.HttpHandler - 

Request DefaultFullHttpRequest(decodeResult: success, version: HTTP/1.1, content: EmptyByteBufBE)
GET /wd/hub/session/84f4caf2-9b4b-47c3-8dab-c2faf9018f13/element/00000000-0000-0230-0000-001200000003/displayed HTTP/1.1
User-Agent: appium/8.3.0 (selenium/4.8.1 (java mac))
Cache-Control: no-cache
Content-Type: application/json; charset=utf-8
host: 127.0.0.1:4723
accept: */*

Response DefaultHttpResponse(decodeResult: success, version: HTTP/1.1)
HTTP/1.1 200 OK
X-Powered-By: Express
Content-Type: application/json; charset=utf-8
Content-Length: 14
ETag: W/"e-2ZHvAWebNQpyjGZTg6uyV8/spTo"
Date: Tue, 09 May 2023 13:17:10 GMT
Connection: keep-alive
Keep-Alive: timeout=600

20:17:10.242 [AsyncHttpClient-1-2] DEBUG org.asynchttpclient.netty.channel.ChannelManager - Adding key: http://127.0.0.1:4723 for channel [id: 0xd6ee6950, L:/127.0.0.1:56984 - R:/127.0.0.1:4723]
20:17:10.244 [main] DEBUG net.thucydides.core.steps.StepInterceptor - STEP DONE: validateHomePage
]]></system-out>
  </testcase>
  <testcase name="user on home page1" classname="As a user i cant login because i input invalid email" time="6.055">
    <system-out><![CDATA[20:17:10.269 [main] INFO  - 
  _____   ___   ___   _____     ___     _     ___   ___   ___   ___  
 |_   _| | __| / __| |_   _|   | _ \   /_\   / __| / __| | __| |   \ 
   | |   | _|  \__ \   | |     |  _/  / _ \  \__ \ \__ \ | _|  | |) |
   |_|   |___| |___/   |_|     |_|   /_/ \_\ |___/ |___/ |___| |___/ 

As a user i can login
----------------------------------------------------------------------
20:17:10.302 [main] DEBUG io.cucumber.core.plugin.SerenityReporter - Running feature from file:///Users/masgilang/Downloads/test-automation-MinProMobile/src/test/resources/features/Login.feature
20:17:10.304 [main] INFO  - 
  _____   ___   ___   _____     ___   _____     _     ___   _____   ___   ___  
 |_   _| | __| / __| |_   _|   / __| |_   _|   /_\   | _ \ |_   _| | __| |   \ 
   | |   | _|  \__ \   | |     \__ \   | |    / _ \  |   /   | |   | _|  | |) |
   |_|   |___| |___/   |_|     |___/   |_|   /_/ \_\ |_|_\   |_|   |___| |___/ 

As a user i cant login because i input invalid email(as-a-user-i-have-be-able-to-login-so-that-i-can-see-home-screen;as-a-user-i-cant-login-because-i-input-invalid-email)
--------------------------------------------------------------------------------
20:17:10.341 [main] DEBUG net.thucydides.core.steps.StepInterceptor - STARTING STEP: LoginSteps1.userOnHomePage - onHomePage
20:17:10.361 [Forwarding newSession on session null to remote] DEBUG org.asynchttpclient.netty.request.NettyRequestSender - Using pooled Channel '[id: 0xd6ee6950, L:/127.0.0.1:56984 - R:/127.0.0.1:4723]' for 'POST' to 'http://127.0.0.1:4723/wd/hub/session'
20:17:10.361 [Forwarding newSession on session null to remote] DEBUG org.asynchttpclient.netty.request.NettyRequestSender - Using open Channel [id: 0xd6ee6950, L:/127.0.0.1:56984 - R:/127.0.0.1:4723] for POST '/wd/hub/session'
20:17:15.349 [AsyncHttpClient-1-2] DEBUG org.asynchttpclient.netty.handler.HttpHandler - 

Request DefaultHttpRequest(decodeResult: success, version: HTTP/1.1)
POST /wd/hub/session HTTP/1.1
X-Idempotency-Key: 2829920f-17e3-4f52-add7-378907df7278
User-Agent: appium/8.3.0 (selenium/4.8.1 (java mac))
Content-Length: 423
Content-Type: application/json; charset=utf-8
host: 127.0.0.1:4723
accept: */*

Response DefaultHttpResponse(decodeResult: success, version: HTTP/1.1)
HTTP/1.1 200 OK
X-Powered-By: Express
Vary: X-HTTP-Method-Override
Content-Type: application/json; charset=utf-8
Content-Length: 1038
ETag: W/"40e-6lGUxSe0XPtUO0GGQLrGC7CXOCc"
Date: Tue, 09 May 2023 13:17:15 GMT
Connection: keep-alive
Keep-Alive: timeout=600

20:17:15.356 [AsyncHttpClient-1-2] DEBUG org.asynchttpclient.netty.channel.ChannelManager - Adding key: http://127.0.0.1:4723 for channel [id: 0xd6ee6950, L:/127.0.0.1:56984 - R:/127.0.0.1:4723]
20:17:15.391 [Forwarding setTimeout on session fe2b2a62-dfa7-4e89-b276-d1dc099a9ea9 to remote] DEBUG org.asynchttpclient.netty.request.NettyRequestSender - Using pooled Channel '[id: 0xd6ee6950, L:/127.0.0.1:56984 - R:/127.0.0.1:4723]' for 'POST' to 'http://127.0.0.1:4723/wd/hub/session/fe2b2a62-dfa7-4e89-b276-d1dc099a9ea9/timeouts'
20:17:15.392 [Forwarding setTimeout on session fe2b2a62-dfa7-4e89-b276-d1dc099a9ea9 to remote] DEBUG org.asynchttpclient.netty.request.NettyRequestSender - Using open Channel [id: 0xd6ee6950, L:/127.0.0.1:56984 - R:/127.0.0.1:4723] for POST '/wd/hub/session/fe2b2a62-dfa7-4e89-b276-d1dc099a9ea9/timeouts'
20:17:15.396 [AsyncHttpClient-1-2] DEBUG org.asynchttpclient.netty.handler.HttpHandler - 

Request DefaultHttpRequest(decodeResult: success, version: HTTP/1.1)
POST /wd/hub/session/fe2b2a62-dfa7-4e89-b276-d1dc099a9ea9/timeouts HTTP/1.1
User-Agent: appium/8.3.0 (selenium/4.8.1 (java mac))
Content-Length: 23
Content-Type: application/json; charset=utf-8
host: 127.0.0.1:4723
accept: */*

Response DefaultHttpResponse(decodeResult: success, version: HTTP/1.1)
HTTP/1.1 200 OK
X-Powered-By: Express
Vary: X-HTTP-Method-Override
Content-Type: application/json; charset=utf-8
Content-Length: 14
ETag: W/"e-9/1BuKMgFObM1mWJm+YjxtXJnUM"
Date: Tue, 09 May 2023 13:17:15 GMT
Connection: keep-alive
Keep-Alive: timeout=600

20:17:15.397 [AsyncHttpClient-1-2] DEBUG org.asynchttpclient.netty.channel.ChannelManager - Adding key: http://127.0.0.1:4723 for channel [id: 0xd6ee6950, L:/127.0.0.1:56984 - R:/127.0.0.1:4723]
20:17:15.420 [Forwarding findElement on session fe2b2a62-dfa7-4e89-b276-d1dc099a9ea9 to remote] DEBUG org.asynchttpclient.netty.request.NettyRequestSender - Using pooled Channel '[id: 0xd6ee6950, L:/127.0.0.1:56984 - R:/127.0.0.1:4723]' for 'POST' to 'http://127.0.0.1:4723/wd/hub/session/fe2b2a62-dfa7-4e89-b276-d1dc099a9ea9/element'
20:17:15.420 [Forwarding findElement on session fe2b2a62-dfa7-4e89-b276-d1dc099a9ea9 to remote] DEBUG org.asynchttpclient.netty.request.NettyRequestSender - Using open Channel [id: 0xd6ee6950, L:/127.0.0.1:56984 - R:/127.0.0.1:4723] for POST '/wd/hub/session/fe2b2a62-dfa7-4e89-b276-d1dc099a9ea9/element'
20:17:16.329 [AsyncHttpClient-1-2] DEBUG org.asynchttpclient.netty.handler.HttpHandler - 

Request DefaultHttpRequest(decodeResult: success, version: HTTP/1.1)
POST /wd/hub/session/fe2b2a62-dfa7-4e89-b276-d1dc099a9ea9/element HTTP/1.1
User-Agent: appium/8.3.0 (selenium/4.8.1 (java mac))
Content-Length: 330
Content-Type: application/json; charset=utf-8
host: 127.0.0.1:4723
accept: */*

Response DefaultHttpResponse(decodeResult: success, version: HTTP/1.1)
HTTP/1.1 200 OK
X-Powered-By: Express
Vary: X-HTTP-Method-Override
Content-Type: application/json; charset=utf-8
Content-Length: 137
ETag: W/"89-u4ZaLjSYLEeHuQTMnzm+otZtpic"
Date: Tue, 09 May 2023 13:17:16 GMT
Connection: keep-alive
Keep-Alive: timeout=600

20:17:16.335 [AsyncHttpClient-1-2] DEBUG org.asynchttpclient.netty.channel.ChannelManager - Adding key: http://127.0.0.1:4723 for channel [id: 0xd6ee6950, L:/127.0.0.1:56984 - R:/127.0.0.1:4723]
20:17:16.339 [Forwarding isElementDisplayed on session fe2b2a62-dfa7-4e89-b276-d1dc099a9ea9 to remote] DEBUG org.asynchttpclient.netty.request.NettyRequestSender - Using pooled Channel '[id: 0xd6ee6950, L:/127.0.0.1:56984 - R:/127.0.0.1:4723]' for 'GET' to 'http://127.0.0.1:4723/wd/hub/session/fe2b2a62-dfa7-4e89-b276-d1dc099a9ea9/element/00000000-0000-023a-0000-000700000003/displayed'
20:17:16.339 [Forwarding isElementDisplayed on session fe2b2a62-dfa7-4e89-b276-d1dc099a9ea9 to remote] DEBUG org.asynchttpclient.netty.request.NettyRequestSender - Using open Channel [id: 0xd6ee6950, L:/127.0.0.1:56984 - R:/127.0.0.1:4723] for GET '/wd/hub/session/fe2b2a62-dfa7-4e89-b276-d1dc099a9ea9/element/00000000-0000-023a-0000-000700000003/displayed'
20:17:16.350 [AsyncHttpClient-1-2] DEBUG org.asynchttpclient.netty.handler.HttpHandler - 

Request DefaultFullHttpRequest(decodeResult: success, version: HTTP/1.1, content: EmptyByteBufBE)
GET /wd/hub/session/fe2b2a62-dfa7-4e89-b276-d1dc099a9ea9/element/00000000-0000-023a-0000-000700000003/displayed HTTP/1.1
User-Agent: appium/8.3.0 (selenium/4.8.1 (java mac))
Cache-Control: no-cache
Content-Type: application/json; charset=utf-8
host: 127.0.0.1:4723
accept: */*

Response DefaultHttpResponse(decodeResult: success, version: HTTP/1.1)
HTTP/1.1 200 OK
X-Powered-By: Express
Content-Type: application/json; charset=utf-8
Content-Length: 14
ETag: W/"e-2ZHvAWebNQpyjGZTg6uyV8/spTo"
Date: Tue, 09 May 2023 13:17:16 GMT
Connection: keep-alive
Keep-Alive: timeout=600

20:17:16.351 [AsyncHttpClient-1-2] DEBUG org.asynchttpclient.netty.channel.ChannelManager - Adding key: http://127.0.0.1:4723 for channel [id: 0xd6ee6950, L:/127.0.0.1:56984 - R:/127.0.0.1:4723]
20:17:16.353 [Forwarding isElementDisplayed on session fe2b2a62-dfa7-4e89-b276-d1dc099a9ea9 to remote] DEBUG org.asynchttpclient.netty.request.NettyRequestSender - Using pooled Channel '[id: 0xd6ee6950, L:/127.0.0.1:56984 - R:/127.0.0.1:4723]' for 'GET' to 'http://127.0.0.1:4723/wd/hub/session/fe2b2a62-dfa7-4e89-b276-d1dc099a9ea9/element/00000000-0000-023a-0000-000700000003/displayed'
20:17:16.353 [Forwarding isElementDisplayed on session fe2b2a62-dfa7-4e89-b276-d1dc099a9ea9 to remote] DEBUG org.asynchttpclient.netty.request.NettyRequestSender - Using open Channel [id: 0xd6ee6950, L:/127.0.0.1:56984 - R:/127.0.0.1:4723] for GET '/wd/hub/session/fe2b2a62-dfa7-4e89-b276-d1dc099a9ea9/element/00000000-0000-023a-0000-000700000003/displayed'
20:17:16.360 [AsyncHttpClient-1-2] DEBUG org.asynchttpclient.netty.handler.HttpHandler - 

Request DefaultFullHttpRequest(decodeResult: success, version: HTTP/1.1, content: EmptyByteBufBE)
GET /wd/hub/session/fe2b2a62-dfa7-4e89-b276-d1dc099a9ea9/element/00000000-0000-023a-0000-000700000003/displayed HTTP/1.1
User-Agent: appium/8.3.0 (selenium/4.8.1 (java mac))
Cache-Control: no-cache
Content-Type: application/json; charset=utf-8
host: 127.0.0.1:4723
accept: */*

Response DefaultHttpResponse(decodeResult: success, version: HTTP/1.1)
HTTP/1.1 200 OK
X-Powered-By: Express
Content-Type: application/json; charset=utf-8
Content-Length: 14
ETag: W/"e-2ZHvAWebNQpyjGZTg6uyV8/spTo"
Date: Tue, 09 May 2023 13:17:16 GMT
Connection: keep-alive
Keep-Alive: timeout=600

20:17:16.362 [AsyncHttpClient-1-2] DEBUG org.asynchttpclient.netty.channel.ChannelManager - Adding key: http://127.0.0.1:4723 for channel [id: 0xd6ee6950, L:/127.0.0.1:56984 - R:/127.0.0.1:4723]
20:17:16.365 [main] DEBUG net.thucydides.core.steps.StepInterceptor - STEP DONE: onHomePage
]]></system-out>
  </testcase>
  <testcase name="user click account info1" classname="As a user i cant login because i input invalid email" time="0.992">
    <system-out><![CDATA[20:17:16.394 [main] DEBUG net.thucydides.core.steps.StepInterceptor - STARTING STEP: LoginSteps1.userClikAccount - clickAccount
20:17:16.399 [Forwarding findElement on session fe2b2a62-dfa7-4e89-b276-d1dc099a9ea9 to remote] DEBUG org.asynchttpclient.netty.request.NettyRequestSender - Using pooled Channel '[id: 0xd6ee6950, L:/127.0.0.1:56984 - R:/127.0.0.1:4723]' for 'POST' to 'http://127.0.0.1:4723/wd/hub/session/fe2b2a62-dfa7-4e89-b276-d1dc099a9ea9/element'
20:17:16.399 [Forwarding findElement on session fe2b2a62-dfa7-4e89-b276-d1dc099a9ea9 to remote] DEBUG org.asynchttpclient.netty.request.NettyRequestSender - Using open Channel [id: 0xd6ee6950, L:/127.0.0.1:56984 - R:/127.0.0.1:4723] for POST '/wd/hub/session/fe2b2a62-dfa7-4e89-b276-d1dc099a9ea9/element'
20:17:16.442 [AsyncHttpClient-1-2] DEBUG org.asynchttpclient.netty.handler.HttpHandler - 

Request DefaultHttpRequest(decodeResult: success, version: HTTP/1.1)
POST /wd/hub/session/fe2b2a62-dfa7-4e89-b276-d1dc099a9ea9/element HTTP/1.1
User-Agent: appium/8.3.0 (selenium/4.8.1 (java mac))
Content-Length: 330
Content-Type: application/json; charset=utf-8
host: 127.0.0.1:4723
accept: */*

Response DefaultHttpResponse(decodeResult: success, version: HTTP/1.1)
HTTP/1.1 200 OK
X-Powered-By: Express
Vary: X-HTTP-Method-Override
Content-Type: application/json; charset=utf-8
Content-Length: 137
ETag: W/"89-u4ZaLjSYLEeHuQTMnzm+otZtpic"
Date: Tue, 09 May 2023 13:17:16 GMT
Connection: keep-alive
Keep-Alive: timeout=600

20:17:16.442 [AsyncHttpClient-1-2] DEBUG org.asynchttpclient.netty.channel.ChannelManager - Adding key: http://127.0.0.1:4723 for channel [id: 0xd6ee6950, L:/127.0.0.1:56984 - R:/127.0.0.1:4723]
20:17:16.446 [Forwarding isElementDisplayed on session fe2b2a62-dfa7-4e89-b276-d1dc099a9ea9 to remote] DEBUG org.asynchttpclient.netty.request.NettyRequestSender - Using pooled Channel '[id: 0xd6ee6950, L:/127.0.0.1:56984 - R:/127.0.0.1:4723]' for 'GET' to 'http://127.0.0.1:4723/wd/hub/session/fe2b2a62-dfa7-4e89-b276-d1dc099a9ea9/element/00000000-0000-023a-0000-000700000003/displayed'
20:17:16.447 [Forwarding isElementDisplayed on session fe2b2a62-dfa7-4e89-b276-d1dc099a9ea9 to remote] DEBUG org.asynchttpclient.netty.request.NettyRequestSender - Using open Channel [id: 0xd6ee6950, L:/127.0.0.1:56984 - R:/127.0.0.1:4723] for GET '/wd/hub/session/fe2b2a62-dfa7-4e89-b276-d1dc099a9ea9/element/00000000-0000-023a-0000-000700000003/displayed'
20:17:16.460 [AsyncHttpClient-1-2] DEBUG org.asynchttpclient.netty.handler.HttpHandler - 

Request DefaultFullHttpRequest(decodeResult: success, version: HTTP/1.1, content: EmptyByteBufBE)
GET /wd/hub/session/fe2b2a62-dfa7-4e89-b276-d1dc099a9ea9/element/00000000-0000-023a-0000-000700000003/displayed HTTP/1.1
User-Agent: appium/8.3.0 (selenium/4.8.1 (java mac))
Cache-Control: no-cache
Content-Type: application/json; charset=utf-8
host: 127.0.0.1:4723
accept: */*

Response DefaultHttpResponse(decodeResult: success, version: HTTP/1.1)
HTTP/1.1 200 OK
X-Powered-By: Express
Content-Type: application/json; charset=utf-8
Content-Length: 14
ETag: W/"e-2ZHvAWebNQpyjGZTg6uyV8/spTo"
Date: Tue, 09 May 2023 13:17:16 GMT
Connection: keep-alive
Keep-Alive: timeout=600

20:17:16.463 [AsyncHttpClient-1-2] DEBUG org.asynchttpclient.netty.channel.ChannelManager - Adding key: http://127.0.0.1:4723 for channel [id: 0xd6ee6950, L:/127.0.0.1:56984 - R:/127.0.0.1:4723]
20:17:16.474 [Forwarding isElementEnabled on session fe2b2a62-dfa7-4e89-b276-d1dc099a9ea9 to remote] DEBUG org.asynchttpclient.netty.request.NettyRequestSender - Using pooled Channel '[id: 0xd6ee6950, L:/127.0.0.1:56984 - R:/127.0.0.1:4723]' for 'GET' to 'http://127.0.0.1:4723/wd/hub/session/fe2b2a62-dfa7-4e89-b276-d1dc099a9ea9/element/00000000-0000-023a-0000-000700000003/enabled'
20:17:16.475 [Forwarding isElementEnabled on session fe2b2a62-dfa7-4e89-b276-d1dc099a9ea9 to remote] DEBUG org.asynchttpclient.netty.request.NettyRequestSender - Using open Channel [id: 0xd6ee6950, L:/127.0.0.1:56984 - R:/127.0.0.1:4723] for GET '/wd/hub/session/fe2b2a62-dfa7-4e89-b276-d1dc099a9ea9/element/00000000-0000-023a-0000-000700000003/enabled'
20:17:16.487 [AsyncHttpClient-1-2] DEBUG org.asynchttpclient.netty.handler.HttpHandler - 

Request DefaultFullHttpRequest(decodeResult: success, version: HTTP/1.1, content: EmptyByteBufBE)
GET /wd/hub/session/fe2b2a62-dfa7-4e89-b276-d1dc099a9ea9/element/00000000-0000-023a-0000-000700000003/enabled HTTP/1.1
User-Agent: appium/8.3.0 (selenium/4.8.1 (java mac))
Cache-Control: no-cache
Content-Type: application/json; charset=utf-8
host: 127.0.0.1:4723
accept: */*

Response DefaultHttpResponse(decodeResult: success, version: HTTP/1.1)
HTTP/1.1 200 OK
X-Powered-By: Express
Content-Type: application/json; charset=utf-8
Content-Length: 14
ETag: W/"e-2ZHvAWebNQpyjGZTg6uyV8/spTo"
Date: Tue, 09 May 2023 13:17:16 GMT
Connection: keep-alive
Keep-Alive: timeout=600

20:17:16.488 [AsyncHttpClient-1-2] DEBUG org.asynchttpclient.netty.channel.ChannelManager - Adding key: http://127.0.0.1:4723 for channel [id: 0xd6ee6950, L:/127.0.0.1:56984 - R:/127.0.0.1:4723]
20:17:16.496 [Forwarding clickElement on session fe2b2a62-dfa7-4e89-b276-d1dc099a9ea9 to remote] DEBUG org.asynchttpclient.netty.request.NettyRequestSender - Using pooled Channel '[id: 0xd6ee6950, L:/127.0.0.1:56984 - R:/127.0.0.1:4723]' for 'POST' to 'http://127.0.0.1:4723/wd/hub/session/fe2b2a62-dfa7-4e89-b276-d1dc099a9ea9/element/00000000-0000-023a-0000-000700000003/click'
20:17:16.496 [Forwarding clickElement on session fe2b2a62-dfa7-4e89-b276-d1dc099a9ea9 to remote] DEBUG org.asynchttpclient.netty.request.NettyRequestSender - Using open Channel [id: 0xd6ee6950, L:/127.0.0.1:56984 - R:/127.0.0.1:4723] for POST '/wd/hub/session/fe2b2a62-dfa7-4e89-b276-d1dc099a9ea9/element/00000000-0000-023a-0000-000700000003/click'
20:17:17.338 [AsyncHttpClient-1-2] DEBUG org.asynchttpclient.netty.handler.HttpHandler - 

Request DefaultHttpRequest(decodeResult: success, version: HTTP/1.1)
POST /wd/hub/session/fe2b2a62-dfa7-4e89-b276-d1dc099a9ea9/element/00000000-0000-023a-0000-000700000003/click HTTP/1.1
User-Agent: appium/8.3.0 (selenium/4.8.1 (java mac))
Content-Length: 50
Content-Type: application/json; charset=utf-8
host: 127.0.0.1:4723
accept: */*

Response DefaultHttpResponse(decodeResult: success, version: HTTP/1.1)
HTTP/1.1 200 OK
X-Powered-By: Express
Vary: X-HTTP-Method-Override
Content-Type: application/json; charset=utf-8
Content-Length: 14
ETag: W/"e-9/1BuKMgFObM1mWJm+YjxtXJnUM"
Date: Tue, 09 May 2023 13:17:17 GMT
Connection: keep-alive
Keep-Alive: timeout=600

20:17:17.342 [AsyncHttpClient-1-2] DEBUG org.asynchttpclient.netty.channel.ChannelManager - Adding key: http://127.0.0.1:4723 for channel [id: 0xd6ee6950, L:/127.0.0.1:56984 - R:/127.0.0.1:4723]
20:17:17.360 [main] DEBUG net.thucydides.core.steps.StepInterceptor - STEP DONE: clickAccount
]]></system-out>
  </testcase>
  <testcase name="user input invalid email1" classname="As a user i cant login because i input invalid email" time="0.908">
    <system-out><![CDATA[20:17:17.404 [main] DEBUG net.thucydides.core.steps.StepInterceptor - STARTING STEP: LoginSteps1.userInputinvalidEmail - clickTypeEmail
20:17:17.411 [Forwarding findElement on session fe2b2a62-dfa7-4e89-b276-d1dc099a9ea9 to remote] DEBUG org.asynchttpclient.netty.request.NettyRequestSender - Using pooled Channel '[id: 0xd6ee6950, L:/127.0.0.1:56984 - R:/127.0.0.1:4723]' for 'POST' to 'http://127.0.0.1:4723/wd/hub/session/fe2b2a62-dfa7-4e89-b276-d1dc099a9ea9/element'
20:17:17.412 [Forwarding findElement on session fe2b2a62-dfa7-4e89-b276-d1dc099a9ea9 to remote] DEBUG org.asynchttpclient.netty.request.NettyRequestSender - Using open Channel [id: 0xd6ee6950, L:/127.0.0.1:56984 - R:/127.0.0.1:4723] for POST '/wd/hub/session/fe2b2a62-dfa7-4e89-b276-d1dc099a9ea9/element'
20:17:17.466 [AsyncHttpClient-1-2] DEBUG org.asynchttpclient.netty.handler.HttpHandler - 

Request DefaultHttpRequest(decodeResult: success, version: HTTP/1.1)
POST /wd/hub/session/fe2b2a62-dfa7-4e89-b276-d1dc099a9ea9/element HTTP/1.1
User-Agent: appium/8.3.0 (selenium/4.8.1 (java mac))
Content-Length: 305
Content-Type: application/json; charset=utf-8
host: 127.0.0.1:4723
accept: */*

Response DefaultHttpResponse(decodeResult: success, version: HTTP/1.1)
HTTP/1.1 200 OK
X-Powered-By: Express
Vary: X-HTTP-Method-Override
Content-Type: application/json; charset=utf-8
Content-Length: 137
ETag: W/"89-StMmRIBLTyjQZHCGZEeQZssEIfc"
Date: Tue, 09 May 2023 13:17:17 GMT
Connection: keep-alive
Keep-Alive: timeout=600

20:17:17.469 [AsyncHttpClient-1-2] DEBUG org.asynchttpclient.netty.channel.ChannelManager - Adding key: http://127.0.0.1:4723 for channel [id: 0xd6ee6950, L:/127.0.0.1:56984 - R:/127.0.0.1:4723]
20:17:17.473 [Forwarding isElementDisplayed on session fe2b2a62-dfa7-4e89-b276-d1dc099a9ea9 to remote] DEBUG org.asynchttpclient.netty.request.NettyRequestSender - Using pooled Channel '[id: 0xd6ee6950, L:/127.0.0.1:56984 - R:/127.0.0.1:4723]' for 'GET' to 'http://127.0.0.1:4723/wd/hub/session/fe2b2a62-dfa7-4e89-b276-d1dc099a9ea9/element/00000000-0000-023a-0000-002600000003/displayed'
20:17:17.473 [Forwarding isElementDisplayed on session fe2b2a62-dfa7-4e89-b276-d1dc099a9ea9 to remote] DEBUG org.asynchttpclient.netty.request.NettyRequestSender - Using open Channel [id: 0xd6ee6950, L:/127.0.0.1:56984 - R:/127.0.0.1:4723] for GET '/wd/hub/session/fe2b2a62-dfa7-4e89-b276-d1dc099a9ea9/element/00000000-0000-023a-0000-002600000003/displayed'
20:17:17.482 [AsyncHttpClient-1-2] DEBUG org.asynchttpclient.netty.handler.HttpHandler - 

Request DefaultFullHttpRequest(decodeResult: success, version: HTTP/1.1, content: EmptyByteBufBE)
GET /wd/hub/session/fe2b2a62-dfa7-4e89-b276-d1dc099a9ea9/element/00000000-0000-023a-0000-002600000003/displayed HTTP/1.1
User-Agent: appium/8.3.0 (selenium/4.8.1 (java mac))
Cache-Control: no-cache
Content-Type: application/json; charset=utf-8
host: 127.0.0.1:4723
accept: */*

Response DefaultHttpResponse(decodeResult: success, version: HTTP/1.1)
HTTP/1.1 200 OK
X-Powered-By: Express
Content-Type: application/json; charset=utf-8
Content-Length: 14
ETag: W/"e-2ZHvAWebNQpyjGZTg6uyV8/spTo"
Date: Tue, 09 May 2023 13:17:17 GMT
Connection: keep-alive
Keep-Alive: timeout=600

20:17:17.483 [AsyncHttpClient-1-2] DEBUG org.asynchttpclient.netty.channel.ChannelManager - Adding key: http://127.0.0.1:4723 for channel [id: 0xd6ee6950, L:/127.0.0.1:56984 - R:/127.0.0.1:4723]
[...]
POST /wd/hub/session/b8edad10-6cf5-4416-8c6b-33aa246bbb98/element HTTP/1.1
User-Agent: appium/8.3.0 (selenium/4.8.1 (java mac))
Content-Length: 309
Content-Type: application/json; charset=utf-8
host: 127.0.0.1:4723
accept: */*

Response DefaultHttpResponse(decodeResult: success, version: HTTP/1.1)
HTTP/1.1 200 OK
X-Powered-By: Express
Vary: X-HTTP-Method-Override
Content-Type: application/json; charset=utf-8
Content-Length: 137
ETag: W/"89-+H3bO1tfHn5qT+hyTHDX0sv90o0"
Date: Tue, 09 May 2023 13:19:27 GMT
Connection: keep-alive
Keep-Alive: timeout=600

20:19:27.281 [AsyncHttpClient-1-2] DEBUG org.asynchttpclient.netty.channel.ChannelManager - Adding key: http://127.0.0.1:4723 for channel [id: 0xd6ee6950, L:/127.0.0.1:56984 - R:/127.0.0.1:4723]
20:19:27.287 [Forwarding isElementDisplayed on session b8edad10-6cf5-4416-8c6b-33aa246bbb98 to remote] DEBUG org.asynchttpclient.netty.request.NettyRequestSender - Using pooled Channel '[id: 0xd6ee6950, L:/127.0.0.1:56984 - R:/127.0.0.1:4723]' for 'GET' to 'http://127.0.0.1:4723/wd/hub/session/b8edad10-6cf5-4416-8c6b-33aa246bbb98/element/00000000-0000-0294-0000-003200000003/displayed'
20:19:27.288 [Forwarding isElementDisplayed on session b8edad10-6cf5-4416-8c6b-33aa246bbb98 to remote] DEBUG org.asynchttpclient.netty.request.NettyRequestSender - Using open Channel [id: 0xd6ee6950, L:/127.0.0.1:56984 - R:/127.0.0.1:4723] for GET '/wd/hub/session/b8edad10-6cf5-4416-8c6b-33aa246bbb98/element/00000000-0000-0294-0000-003200000003/displayed'
20:19:27.304 [AsyncHttpClient-1-2] DEBUG org.asynchttpclient.netty.handler.HttpHandler - 

Request DefaultFullHttpRequest(decodeResult: success, version: HTTP/1.1, content: EmptyByteBufBE)
GET /wd/hub/session/b8edad10-6cf5-4416-8c6b-33aa246bbb98/element/00000000-0000-0294-0000-003200000003/displayed HTTP/1.1
User-Agent: appium/8.3.0 (selenium/4.8.1 (java mac))
Cache-Control: no-cache
Content-Type: application/json; charset=utf-8
host: 127.0.0.1:4723
accept: */*

Response DefaultHttpResponse(decodeResult: success, version: HTTP/1.1)
HTTP/1.1 200 OK
X-Powered-By: Express
Content-Type: application/json; charset=utf-8
Content-Length: 14
ETag: W/"e-2ZHvAWebNQpyjGZTg6uyV8/spTo"
Date: Tue, 09 May 2023 13:19:27 GMT
Connection: keep-alive
Keep-Alive: timeout=600

20:19:27.306 [AsyncHttpClient-1-2] DEBUG org.asynchttpclient.netty.channel.ChannelManager - Adding key: http://127.0.0.1:4723 for channel [id: 0xd6ee6950, L:/127.0.0.1:56984 - R:/127.0.0.1:4723]
20:19:27.307 [Forwarding isElementEnabled on session b8edad10-6cf5-4416-8c6b-33aa246bbb98 to remote] DEBUG org.asynchttpclient.netty.request.NettyRequestSender - Using pooled Channel '[id: 0xd6ee6950, L:/127.0.0.1:56984 - R:/127.0.0.1:4723]' for 'GET' to 'http://127.0.0.1:4723/wd/hub/session/b8edad10-6cf5-4416-8c6b-33aa246bbb98/element/00000000-0000-0294-0000-003200000003/enabled'
20:19:27.308 [Forwarding isElementEnabled on session b8edad10-6cf5-4416-8c6b-33aa246bbb98 to remote] DEBUG org.asynchttpclient.netty.request.NettyRequestSender - Using open Channel [id: 0xd6ee6950, L:/127.0.0.1:56984 - R:/127.0.0.1:4723] for GET '/wd/hub/session/b8edad10-6cf5-4416-8c6b-33aa246bbb98/element/00000000-0000-0294-0000-003200000003/enabled'
20:19:27.319 [AsyncHttpClient-1-2] DEBUG org.asynchttpclient.netty.handler.HttpHandler - 

Request DefaultFullHttpRequest(decodeResult: success, version: HTTP/1.1, content: EmptyByteBufBE)
GET /wd/hub/session/b8edad10-6cf5-4416-8c6b-33aa246bbb98/element/00000000-0000-0294-0000-003200000003/enabled HTTP/1.1
User-Agent: appium/8.3.0 (selenium/4.8.1 (java mac))
Cache-Control: no-cache
Content-Type: application/json; charset=utf-8
host: 127.0.0.1:4723
accept: */*

Response DefaultHttpResponse(decodeResult: success, version: HTTP/1.1)
HTTP/1.1 200 OK
X-Powered-By: Express
Content-Type: application/json; charset=utf-8
Content-Length: 14
ETag: W/"e-2ZHvAWebNQpyjGZTg6uyV8/spTo"
Date: Tue, 09 May 2023 13:19:27 GMT
Connection: keep-alive
Keep-Alive: timeout=600

20:19:27.319 [AsyncHttpClient-1-2] DEBUG org.asynchttpclient.netty.channel.ChannelManager - Adding key: http://127.0.0.1:4723 for channel [id: 0xd6ee6950, L:/127.0.0.1:56984 - R:/127.0.0.1:4723]
20:19:27.321 [Forwarding clickElement on session b8edad10-6cf5-4416-8c6b-33aa246bbb98 to remote] DEBUG org.asynchttpclient.netty.request.NettyRequestSender - Using pooled Channel '[id: 0xd6ee6950, L:/127.0.0.1:56984 - R:/127.0.0.1:4723]' for 'POST' to 'http://127.0.0.1:4723/wd/hub/session/b8edad10-6cf5-4416-8c6b-33aa246bbb98/element/00000000-0000-0294-0000-003200000003/click'
20:19:27.321 [Forwarding clickElement on session b8edad10-6cf5-4416-8c6b-33aa246bbb98 to remote] DEBUG org.asynchttpclient.netty.request.NettyRequestSender - Using open Channel [id: 0xd6ee6950, L:/127.0.0.1:56984 - R:/127.0.0.1:4723] for POST '/wd/hub/session/b8edad10-6cf5-4416-8c6b-33aa246bbb98/element/00000000-0000-0294-0000-003200000003/click'
20:19:27.372 [AsyncHttpClient-1-2] DEBUG org.asynchttpclient.netty.handler.HttpHandler - 

Request DefaultHttpRequest(decodeResult: success, version: HTTP/1.1)
POST /wd/hub/session/b8edad10-6cf5-4416-8c6b-33aa246bbb98/element/00000000-0000-0294-0000-003200000003/click HTTP/1.1
User-Agent: appium/8.3.0 (selenium/4.8.1 (java mac))
Content-Length: 50
Content-Type: application/json; charset=utf-8
host: 127.0.0.1:4723
accept: */*

Response DefaultHttpResponse(decodeResult: success, version: HTTP/1.1)
HTTP/1.1 200 OK
X-Powered-By: Express
Vary: X-HTTP-Method-Override
Content-Type: application/json; charset=utf-8
Content-Length: 14
ETag: W/"e-9/1BuKMgFObM1mWJm+YjxtXJnUM"
Date: Tue, 09 May 2023 13:19:27 GMT
Connection: keep-alive
Keep-Alive: timeout=600

20:19:27.372 [AsyncHttpClient-1-2] DEBUG org.asynchttpclient.netty.channel.ChannelManager - Adding key: http://127.0.0.1:4723 for channel [id: 0xd6ee6950, L:/127.0.0.1:56984 - R:/127.0.0.1:4723]
20:19:27.374 [main] DEBUG net.thucydides.core.steps.StepInterceptor - STEP DONE: clicktypePasswordField
20:19:27.379 [Forwarding findElement on session b8edad10-6cf5-4416-8c6b-33aa246bbb98 to remote] DEBUG org.asynchttpclient.netty.request.NettyRequestSender - Using pooled Channel '[id: 0xd6ee6950, L:/127.0.0.1:56984 - R:/127.0.0.1:4723]' for 'POST' to 'http://127.0.0.1:4723/wd/hub/session/b8edad10-6cf5-4416-8c6b-33aa246bbb98/element'
20:19:27.379 [Forwarding findElement on session b8edad10-6cf5-4416-8c6b-33aa246bbb98 to remote] DEBUG org.asynchttpclient.netty.request.NettyRequestSender - Using open Channel [id: 0xd6ee6950, L:/127.0.0.1:56984 - R:/127.0.0.1:4723] for POST '/wd/hub/session/b8edad10-6cf5-4416-8c6b-33aa246bbb98/element'
20:19:28.005 [AsyncHttpClient-1-2] DEBUG org.asynchttpclient.netty.handler.HttpHandler - 

Request DefaultHttpRequest(decodeResult: success, version: HTTP/1.1)
POST /wd/hub/session/b8edad10-6cf5-4416-8c6b-33aa246bbb98/element HTTP/1.1
User-Agent: appium/8.3.0 (selenium/4.8.1 (java mac))
Content-Length: 309
Content-Type: application/json; charset=utf-8
host: 127.0.0.1:4723
accept: */*

Response DefaultHttpResponse(decodeResult: success, version: HTTP/1.1)
HTTP/1.1 200 OK
X-Powered-By: Express
Vary: X-HTTP-Method-Override
Content-Type: application/json; charset=utf-8
Content-Length: 137
ETag: W/"89-+H3bO1tfHn5qT+hyTHDX0sv90o0"
Date: Tue, 09 May 2023 13:19:28 GMT
Connection: keep-alive
Keep-Alive: timeout=600

20:19:28.007 [AsyncHttpClient-1-2] DEBUG org.asynchttpclient.netty.channel.ChannelManager - Adding key: http://127.0.0.1:4723 for channel [id: 0xd6ee6950, L:/127.0.0.1:56984 - R:/127.0.0.1:4723]
20:19:28.011 [Forwarding sendKeysToElement on session b8edad10-6cf5-4416-8c6b-33aa246bbb98 to remote] DEBUG org.asynchttpclient.netty.request.NettyRequestSender - Using pooled Channel '[id: 0xd6ee6950, L:/127.0.0.1:56984 - R:/127.0.0.1:4723]' for 'POST' to 'http://127.0.0.1:4723/wd/hub/session/b8edad10-6cf5-4416-8c6b-33aa246bbb98/element/00000000-0000-0294-0000-003200000003/value'
20:19:28.011 [Forwarding sendKeysToElement on session b8edad10-6cf5-4416-8c6b-33aa246bbb98 to remote] DEBUG org.asynchttpclient.netty.request.NettyRequestSender - Using open Channel [id: 0xd6ee6950, L:/127.0.0.1:56984 - R:/127.0.0.1:4723] for POST '/wd/hub/session/b8edad10-6cf5-4416-8c6b-33aa246bbb98/element/00000000-0000-0294-0000-003200000003/value'
20:19:28.031 [AsyncHttpClient-1-2] DEBUG org.asynchttpclient.netty.handler.HttpHandler - 

Request DefaultHttpRequest(decodeResult: success, version: HTTP/1.1)
POST /wd/hub/session/b8edad10-6cf5-4416-8c6b-33aa246bbb98/element/00000000-0000-0294-0000-003200000003/value HTTP/1.1
User-Agent: appium/8.3.0 (selenium/4.8.1 (java mac))
Content-Length: 82
Content-Type: application/json; charset=utf-8
host: 127.0.0.1:4723
accept: */*

Response DefaultHttpResponse(decodeResult: success, version: HTTP/1.1)
HTTP/1.1 200 OK
X-Powered-By: Express
Vary: X-HTTP-Method-Override
Content-Type: application/json; charset=utf-8
Content-Length: 14
ETag: W/"e-9/1BuKMgFObM1mWJm+YjxtXJnUM"
Date: Tue, 09 May 2023 13:19:28 GMT
Connection: keep-alive
Keep-Alive: timeout=600

20:19:28.031 [AsyncHttpClient-1-2] DEBUG org.asynchttpclient.netty.channel.ChannelManager - Adding key: http://127.0.0.1:4723 for channel [id: 0xd6ee6950, L:/127.0.0.1:56984 - R:/127.0.0.1:4723]
]]></system-out>
  </testcase>
  <testcase name="New user click register button3" classname="As a new user, I have be able to create new account without password" time="1.137">
    <system-out><![CDATA[20:19:28.048 [main] DEBUG net.thucydides.core.steps.StepInterceptor - STARTING STEP: RegisterSteps3.clickRegisterButton - clickRegisterButton
20:19:28.051 [Forwarding findElement on session b8edad10-6cf5-4416-8c6b-33aa246bbb98 to remote] DEBUG org.asynchttpclient.netty.request.NettyRequestSender - Using pooled Channel '[id: 0xd6ee6950, L:/127.0.0.1:56984 - R:/127.0.0.1:4723]' for 'POST' to 'http://127.0.0.1:4723/wd/hub/session/b8edad10-6cf5-4416-8c6b-33aa246bbb98/element'
20:19:28.052 [Forwarding findElement on session b8edad10-6cf5-4416-8c6b-33aa246bbb98 to remote] DEBUG org.asynchttpclient.netty.request.NettyRequestSender - Using open Channel [id: 0xd6ee6950, L:/127.0.0.1:56984 - R:/127.0.0.1:4723] for POST '/wd/hub/session/b8edad10-6cf5-4416-8c6b-33aa246bbb98/element'
20:19:28.580 [AsyncHttpClient-1-2] DEBUG org.asynchttpclient.netty.handler.HttpHandler - 

Request DefaultHttpRequest(decodeResult: success, version: HTTP/1.1)
POST /wd/hub/session/b8edad10-6cf5-4416-8c6b-33aa246bbb98/element HTTP/1.1
User-Agent: appium/8.3.0 (selenium/4.8.1 (java mac))
Content-Length: 102
Content-Type: application/json; charset=utf-8
host: 127.0.0.1:4723
accept: */*

Response DefaultHttpResponse(decodeResult: success, version: HTTP/1.1)
HTTP/1.1 200 OK
X-Powered-By: Express
Vary: X-HTTP-Method-Override
Content-Type: application/json; charset=utf-8
Content-Length: 137
ETag: W/"89-rsDN8uT/JB2LVOpEbC3t5BRsqjA"
Date: Tue, 09 May 2023 13:19:28 GMT
Connection: keep-alive
Keep-Alive: timeout=600

20:19:28.581 [AsyncHttpClient-1-2] DEBUG org.asynchttpclient.netty.channel.ChannelManager - Adding key: http://127.0.0.1:4723 for channel [id: 0xd6ee6950, L:/127.0.0.1:56984 - R:/127.0.0.1:4723]
20:19:28.584 [Forwarding isElementDisplayed on session b8edad10-6cf5-4416-8c6b-33aa246bbb98 to remote] DEBUG org.asynchttpclient.netty.request.NettyRequestSender - Using pooled Channel '[id: 0xd6ee6950, L:/127.0.0.1:56984 - R:/127.0.0.1:4723]' for 'GET' to 'http://127.0.0.1:4723/wd/hub/session/b8edad10-6cf5-4416-8c6b-33aa246bbb98/element/00000000-0000-0294-0000-003300000003/displayed'
20:19:28.584 [Forwarding isElementDisplayed on session b8edad10-6cf5-4416-8c6b-33aa246bbb98 to remote] DEBUG org.asynchttpclient.netty.request.NettyRequestSender - Using open Channel [id: 0xd6ee6950, L:/127.0.0.1:56984 - R:/127.0.0.1:4723] for GET '/wd/hub/session/b8edad10-6cf5-4416-8c6b-33aa246bbb98/element/00000000-0000-0294-0000-003300000003/displayed'
20:19:28.593 [AsyncHttpClient-1-2] DEBUG org.asynchttpclient.netty.handler.HttpHandler - 

Request DefaultFullHttpRequest(decodeResult: success, version: HTTP/1.1, content: EmptyByteBufBE)
GET /wd/hub/session/b8edad10-6cf5-4416-8c6b-33aa246bbb98/element/00000000-0000-0294-0000-003300000003/displayed HTTP/1.1
User-Agent: appium/8.3.0 (selenium/4.8.1 (java mac))
Cache-Control: no-cache
Content-Type: application/json; charset=utf-8
host: 127.0.0.1:4723
accept: */*

Response DefaultHttpResponse(decodeResult: success, version: HTTP/1.1)
HTTP/1.1 200 OK
X-Powered-By: Express
Content-Type: application/json; charset=utf-8
Content-Length: 14
ETag: W/"e-2ZHvAWebNQpyjGZTg6uyV8/spTo"
Date: Tue, 09 May 2023 13:19:28 GMT
Connection: keep-alive
Keep-Alive: timeout=600

20:19:28.594 [AsyncHttpClient-1-2] DEBUG org.asynchttpclient.netty.channel.ChannelManager - Adding key: http://127.0.0.1:4723 for channel [id: 0xd6ee6950, L:/127.0.0.1:56984 - R:/127.0.0.1:4723]
20:19:28.596 [Forwarding isElementEnabled on session b8edad10-6cf5-4416-8c6b-33aa246bbb98 to remote] DEBUG org.asynchttpclient.netty.request.NettyRequestSender - Using pooled Channel '[id: 0xd6ee6950, L:/127.0.0.1:56984 - R:/127.0.0.1:4723]' for 'GET' to 'http://127.0.0.1:4723/wd/hub/session/b8edad10-6cf5-4416-8c6b-33aa246bbb98/element/00000000-0000-0294-0000-003300000003/enabled'
20:19:28.596 [Forwarding isElementEnabled on session b8edad10-6cf5-4416-8c6b-33aa246bbb98 to remote] DEBUG org.asynchttpclient.netty.request.NettyRequestSender - Using open Channel [id: 0xd6ee6950, L:/127.0.0.1:56984 - R:/127.0.0.1:4723] for GET '/wd/hub/session/b8edad10-6cf5-4416-8c6b-33aa246bbb98/element/00000000-0000-0294-0000-003300000003/enabled'
20:19:28.606 [AsyncHttpClient-1-2] DEBUG org.asynchttpclient.netty.handler.HttpHandler - 

Request DefaultFullHttpRequest(decodeResult: success, version: HTTP/1.1, content: EmptyByteBufBE)
GET /wd/hub/session/b8edad10-6cf5-4416-8c6b-33aa246bbb98/element/00000000-0000-0294-0000-003300000003/enabled HTTP/1.1
User-Agent: appium/8.3.0 (selenium/4.8.1 (java mac))
Cache-Control: no-cache
Content-Type: application/json; charset=utf-8
host: 127.0.0.1:4723
accept: */*

Response DefaultHttpResponse(decodeResult: success, version: HTTP/1.1)
HTTP/1.1 200 OK
X-Powered-By: Express
Content-Type: application/json; charset=utf-8
Content-Length: 14
ETag: W/"e-2ZHvAWebNQpyjGZTg6uyV8/spTo"
Date: Tue, 09 May 2023 13:19:28 GMT
Connection: keep-alive
Keep-Alive: timeout=600

20:19:28.607 [AsyncHttpClient-1-2] DEBUG org.asynchttpclient.netty.channel.ChannelManager - Adding key: http://127.0.0.1:4723 for channel [id: 0xd6ee6950, L:/127.0.0.1:56984 - R:/127.0.0.1:4723]
20:19:28.611 [Forwarding clickElement on session b8edad10-6cf5-4416-8c6b-33aa246bbb98 to remote] DEBUG org.asynchttpclient.netty.request.NettyRequestSender - Using pooled Channel '[id: 0xd6ee6950, L:/127.0.0.1:56984 - R:/127.0.0.1:4723]' for 'POST' to 'http://127.0.0.1:4723/wd/hub/session/b8edad10-6cf5-4416-8c6b-33aa246bbb98/element/00000000-0000-0294-0000-003300000003/click'
20:19:28.611 [Forwarding clickElement on session b8edad10-6cf5-4416-8c6b-33aa246bbb98 to remote] DEBUG org.asynchttpclient.netty.request.NettyRequestSender - Using open Channel [id: 0xd6ee6950, L:/127.0.0.1:56984 - R:/127.0.0.1:4723] for POST '/wd/hub/session/b8edad10-6cf5-4416-8c6b-33aa246bbb98/element/00000000-0000-0294-0000-003300000003/click'
20:19:29.173 [AsyncHttpClient-1-2] DEBUG org.asynchttpclient.netty.handler.HttpHandler - 

Request DefaultHttpRequest(decodeResult: success, version: HTTP/1.1)
POST /wd/hub/session/b8edad10-6cf5-4416-8c6b-33aa246bbb98/element/00000000-0000-0294-0000-003300000003/click HTTP/1.1
User-Agent: appium/8.3.0 (selenium/4.8.1 (java mac))
Content-Length: 50
Content-Type: application/json; charset=utf-8
host: 127.0.0.1:4723
accept: */*

Response DefaultHttpResponse(decodeResult: success, version: HTTP/1.1)
HTTP/1.1 200 OK
X-Powered-By: Express
Vary: X-HTTP-Method-Override
Content-Type: application/json; charset=utf-8
Content-Length: 14
ETag: W/"e-9/1BuKMgFObM1mWJm+YjxtXJnUM"
Date: Tue, 09 May 2023 13:19:29 GMT
Connection: keep-alive
Keep-Alive: timeout=600

20:19:29.173 [AsyncHttpClient-1-2] DEBUG org.asynchttpclient.netty.channel.ChannelManager - Adding key: http://127.0.0.1:4723 for channel [id: 0xd6ee6950, L:/127.0.0.1:56984 - R:/127.0.0.1:4723]
20:19:29.177 [main] DEBUG net.thucydides.core.steps.StepInterceptor - STEP DONE: clickRegisterButton
]]></system-out>
  </testcase>
  <testcase name="user see error message3" classname="As a new user, I have be able to create new account without password" time="0.091">
    <system-out><![CDATA[20:19:29.187 [main] DEBUG net.thucydides.core.steps.StepInterceptor - STARTING STEP: RegisterSteps3.validateRegistered - validateHomePage
20:19:29.201 [Forwarding findElement on session b8edad10-6cf5-4416-8c6b-33aa246bbb98 to remote] DEBUG org.asynchttpclient.netty.request.NettyRequestSender - Using pooled Channel '[id: 0xd6ee6950, L:/127.0.0.1:56984 - R:/127.0.0.1:4723]' for 'POST' to 'http://127.0.0.1:4723/wd/hub/session/b8edad10-6cf5-4416-8c6b-33aa246bbb98/element'
20:19:29.201 [Forwarding findElement on session b8edad10-6cf5-4416-8c6b-33aa246bbb98 to remote] DEBUG org.asynchttpclient.netty.request.NettyRequestSender - Using open Channel [id: 0xd6ee6950, L:/127.0.0.1:56984 - R:/127.0.0.1:4723] for POST '/wd/hub/session/b8edad10-6cf5-4416-8c6b-33aa246bbb98/element'
20:19:29.248 [AsyncHttpClient-1-2] DEBUG org.asynchttpclient.netty.handler.HttpHandler - 

Request DefaultHttpRequest(decodeResult: success, version: HTTP/1.1)
POST /wd/hub/session/b8edad10-6cf5-4416-8c6b-33aa246bbb98/element HTTP/1.1
User-Agent: appium/8.3.0 (selenium/4.8.1 (java mac))
Content-Length: 330
Content-Type: application/json; charset=utf-8
host: 127.0.0.1:4723
accept: */*

Response DefaultHttpResponse(decodeResult: success, version: HTTP/1.1)
HTTP/1.1 200 OK
X-Powered-By: Express
Vary: X-HTTP-Method-Override
Content-Type: application/json; charset=utf-8
Content-Length: 137
ETag: W/"89-DxPii2Q/XoeJllRnyiCyxa4ic3g"
Date: Tue, 09 May 2023 13:19:29 GMT
Connection: keep-alive
Keep-Alive: timeout=600

20:19:29.249 [AsyncHttpClient-1-2] DEBUG org.asynchttpclient.netty.channel.ChannelManager - Adding key: http://127.0.0.1:4723 for channel [id: 0xd6ee6950, L:/127.0.0.1:56984 - R:/127.0.0.1:4723]
20:19:29.256 [Forwarding isElementDisplayed on session b8edad10-6cf5-4416-8c6b-33aa246bbb98 to remote] DEBUG org.asynchttpclient.netty.request.NettyRequestSender - Using pooled Channel '[id: 0xd6ee6950, L:/127.0.0.1:56984 - R:/127.0.0.1:4723]' for 'GET' to 'http://127.0.0.1:4723/wd/hub/session/b8edad10-6cf5-4416-8c6b-33aa246bbb98/element/00000000-0000-0294-0000-003500000003/displayed'
20:19:29.256 [Forwarding isElementDisplayed on session b8edad10-6cf5-4416-8c6b-33aa246bbb98 to remote] DEBUG org.asynchttpclient.netty.request.NettyRequestSender - Using open Channel [id: 0xd6ee6950, L:/127.0.0.1:56984 - R:/127.0.0.1:4723] for GET '/wd/hub/session/b8edad10-6cf5-4416-8c6b-33aa246bbb98/element/00000000-0000-0294-0000-003500000003/displayed'
20:19:29.269 [AsyncHttpClient-1-2] DEBUG org.asynchttpclient.netty.handler.HttpHandler - 

Request DefaultFullHttpRequest(decodeResult: success, version: HTTP/1.1, content: EmptyByteBufBE)
GET /wd/hub/session/b8edad10-6cf5-4416-8c6b-33aa246bbb98/element/00000000-0000-0294-0000-003500000003/displayed HTTP/1.1
User-Agent: appium/8.3.0 (selenium/4.8.1 (java mac))
Cache-Control: no-cache
Content-Type: application/json; charset=utf-8
host: 127.0.0.1:4723
accept: */*

Response DefaultHttpResponse(decodeResult: success, version: HTTP/1.1)
HTTP/1.1 200 OK
X-Powered-By: Express
Content-Type: application/json; charset=utf-8
Content-Length: 14
ETag: W/"e-2ZHvAWebNQpyjGZTg6uyV8/spTo"
Date: Tue, 09 May 2023 13:19:29 GMT
Connection: keep-alive
Keep-Alive: timeout=600

20:19:29.270 [AsyncHttpClient-1-2] DEBUG org.asynchttpclient.netty.channel.ChannelManager - Adding key: http://127.0.0.1:4723 for channel [id: 0xd6ee6950, L:/127.0.0.1:56984 - R:/127.0.0.1:4723]
20:19:29.272 [main] DEBUG net.thucydides.core.steps.StepInterceptor - STEP DONE: validateHomePage
]]></system-out>
  </testcase>
</testsuite>